TeX Live installer invocation: C:\Users\Ravi\TEX~1\INSTAL~1\install-tl -profile msi-texlive.profile 
Automated TeX Live installation using profile: msi-texlive.profile
Loading https://www-uxsup.csx.cam.ac.uk/pub/tex-archive/systems/texlive/tlnet/tlpkg/texlive.tlpdb
Installing TeX Live 2021 from: https://www-uxsup.csx.cam.ac.uk/pub/tex-archive/systems/texlive/tlnet (not verified)
Platform: win32 => 'Windows'
Distribution: net  (downloading)
Using URL: https://www-uxsup.csx.cam.ac.uk/pub/tex-archive/systems/texlive/tlnet
Directory for temporary files: C:\Users\Ravi\AppData\Local\Temp\XjszvLtEXR
Installer revision: 62146
Database revision: 62882
Settings:
  TEXDIR: "C:/texlive/2021"
  TEXMFCONFIG: "~/.texlive2021/texmf-config"
  TEXMFHOME: "~/texmf"
  TEXMFLOCAL: "C:/texlive/texmf-local"
  TEXMFSYSCONFIG: "C:/texlive/2021/texmf-config"
  TEXMFSYSVAR: "C:/texlive/2021/texmf-var"
  TEXMFVAR: "~/.texlive2021/texmf-var"
  binary_aarch64-linux: ""
  binary_amd64-freebsd: ""
  binary_amd64-netbsd: ""
  binary_armhf-linux: ""
  binary_i386-cygwin: ""
  binary_i386-freebsd: ""
  binary_i386-linux: ""
  binary_i386-netbsd: ""
  binary_i386-solaris: ""
  binary_universal-darwin: ""
  binary_win32: "1"
  binary_x86_64-cygwin: ""
  binary_x86_64-darwinlegacy: ""
  binary_x86_64-linux: ""
  binary_x86_64-linuxmusl: ""
  binary_x86_64-solaris: ""
  collection-basic: "1"
  collection-bibtexextra: ""
  collection-binextra: ""
  collection-context: ""
  collection-fontsextra: ""
  collection-fontsrecommended: ""
  collection-fontutils: ""
  collection-formatsextra: ""
  collection-games: ""
  collection-humanities: ""
  collection-langarabic: ""
  collection-langchinese: ""
  collection-langcjk: ""
  collection-langcyrillic: ""
  collection-langczechslovak: ""
  collection-langenglish: ""
  collection-langeuropean: ""
  collection-langfrench: ""
  collection-langgerman: ""
  collection-langgreek: ""
  collection-langitalian: ""
  collection-langjapanese: ""
  collection-langkorean: ""
  collection-langother: ""
  collection-langpolish: ""
  collection-langportuguese: ""
  collection-langspanish: ""
  collection-latex: "1"
  collection-latexextra: ""
  collection-latexrecommended: ""
  collection-luatex: ""
  collection-mathscience: ""
  collection-metapost: ""
  collection-music: ""
  collection-pictures: ""
  collection-plaingeneric: ""
  collection-pstricks: ""
  collection-publishers: ""
  collection-texworks: ""
  collection-wintools: ""
  collection-xetex: ""
  doc_splitting_supported: "1"
  inst_platform: "win32"
  instopt_adjustpath: "1"
  instopt_adjustrepo: "1"
  instopt_letter: ""
  instopt_portable: ""
  instopt_write18_restricted: "1"
  n_collections_available: "41"
  n_collections_selected: "41"
  n_systems_available: "16"
  n_systems_selected: "1"
  selected_scheme: "scheme-basic"
  src_splitting_supported: "1"
  this_platform: "win32"
  tlpdbopt_autobackup: "1"
  tlpdbopt_backupdir: "tlpkg/backups"
  tlpdbopt_create_formats: "1"
  tlpdbopt_desktop_integration: "1"
  tlpdbopt_file_assocs: "1"
  tlpdbopt_generate_updmap: ""
  tlpdbopt_install_docfiles: "1"
  tlpdbopt_install_srcfiles: "1"
  tlpdbopt_location: "https://www-uxsup.csx.cam.ac.uk/pub/tex-archive/systems/texlive/tlnet"
  tlpdbopt_post_code: "1"
  tlpdbopt_sys_bin: "/usr/local/bin"
  tlpdbopt_sys_info: "/usr/local/share/info"
  tlpdbopt_sys_man: "/usr/local/share/man"
  tlpdbopt_w32_multi_user: "1"
  total_size: ""
Installing to: C:/texlive/2021
Making read-only
processed file: .
Successfully processed 1 files; Failed processing 0 files
processed file: .
Successfully processed 1 files; Failed processing 0 files

Making read-only
processed file: .
Successfully processed 1 files; Failed processing 0 files
processed file: .
Successfully processed 1 files; Failed processing 0 files

Making read-only
processed file: .
Successfully processed 1 files; Failed processing 0 files
processed file: .
Successfully processed 1 files; Failed processing 0 files

Installing [1/6, time/total: ??:??/??:??]: hyphen-base [22k]
Installing [2/6, time/total: 00:00/00:00]: kpathsea [1080k]
Installing [3/6, time/total: 00:01/00:10]: luatex [1868k]
Installing [4/6, time/total: 00:01/00:03]: texlive-scripts [502k]
Installing [5/6, time/total: 00:02/00:06]: texlive.infra [544k]
Installing [6/6, time/total: 00:03/00:08]: tlperl.win32 [7010k]
Time used for installing the packages: 00:05
Installing [001/122, time/total: ??:??/??:??]: ae [84k]
Installing [002/122, time/total: 00:01/27:11]: amscls [1437k]
Installing [003/122, time/total: 00:02/02:58]: amsfonts [4725k]
Installing [004/122, time/total: 00:04/01:26]: amsmath [2433k]
Installing [005/122, time/total: 00:05/01:18]: atbegshi [409k]
Installing [006/122, time/total: 00:06/01:29]: atveryend [380k]
Installing [007/122, time/total: 00:06/01:25]: auxhook [286k]
Installing [008/122, time/total: 00:07/01:37]: babel [1686k]
Installing [009/122, time/total: 00:08/01:34]: babel-english [137k]
Installing [010/122, time/total: 00:09/01:45]: babelbib [1251k]
Installing [011/122, time/total: 00:09/01:35]: bibtex [404k]
Installing [012/122, time/total: 00:10/01:42]: bibtex.win32 [41k]
Installing [013/122, time/total: 00:10/01:42]: bigintcalc [467k]
Installing [014/122, time/total: 00:11/01:48]: bitset [622k]
Installing [015/122, time/total: 00:11/01:43]: bookmark [485k]
Installing [016/122, time/total: 00:12/01:49]: carlisle [85k]
Installing [017/122, time/total: 00:13/01:58]: cm [235k]
Installing [018/122, time/total: 00:13/01:56]: collection-basic [1k]
Installing [019/122, time/total: 00:13/01:56]: collection-latex [1k]
Installing [020/122, time/total: 00:13/01:56]: colorprofiles [113k]
Installing [021/122, time/total: 00:14/02:04]: colortbl [593k]
Installing [022/122, time/total: 00:14/01:59]: dehyph [46k]
Installing [023/122, time/total: 00:15/02:07]: dvipdfmx [3083k]
Installing [024/122, time/total: 00:16/01:54]: dvipdfmx.win32 [325k]
Installing [025/122, time/total: 00:16/01:52]: dvips [567k]
Installing [026/122, time/total: 00:17/01:55]: dvips.win32 [92k]
Installing [027/122, time/total: 00:17/01:55]: ec [280k]
Installing [028/122, time/total: 00:18/02:00]: enctex [272k]
Installing [029/122, time/total: 00:18/01:58]: epstopdf-pkg [362k]
Installing [030/122, time/total: 00:19/02:03]: etex [197k]
Installing [031/122, time/total: 00:19/02:02]: etex-pkg [7k]
Installing [032/122, time/total: 00:19/02:02]: etexcmds [302k]
Installing [033/122, time/total: 00:20/02:06]: everyshi [136k]
Installing [034/122, time/total: 00:20/02:05]: fancyhdr [817k]
Installing [035/122, time/total: 00:21/02:07]: firstaid [238k]
Installing [036/122, time/total: 00:22/02:12]: fix2col [217k]
Installing [037/122, time/total: 00:22/02:10]: geometry [900k]
Installing [038/122, time/total: 00:23/02:11]: gettitlestring [320k]
Installing [039/122, time/total: 00:24/02:15]: glyphlist [25k]
Installing [040/122, time/total: 00:24/02:15]: graphics [2048k]
Installing [041/122, time/total: 00:25/02:09]: graphics-cfg [2k]
Installing [042/122, time/total: 00:25/02:09]: graphics-def [12k]
Installing [043/122, time/total: 00:26/02:15]: grfext [310k]
Installing [044/122, time/total: 00:26/02:13]: grffile [357k]
Installing [045/122, time/total: 00:27/02:16]: hopatch [305k]
Installing [046/122, time/total: 00:27/02:15]: hycolor [380k]
Installing [047/122, time/total: 00:28/02:18]: hyperref [3701k]
Installing [048/122, time/total: 00:29/02:06]: hyph-utf8 [312k]
Installing [049/122, time/total: 00:30/02:09]: hyphenex [208k]
Installing [050/122, time/total: 00:31/02:12]: ifplatform [156k]
Installing [051/122, time/total: 00:31/02:12]: iftex [227k]
Installing [052/122, time/total: 00:31/02:11]: infwarerr [287k]
Installing [053/122, time/total: 00:32/02:14]: intcalc [431k]
Installing [054/122, time/total: 00:33/02:16]: knuth-lib [30k]
Installing [055/122, time/total: 00:33/02:16]: knuth-local [23k]
Installing [056/122, time/total: 00:33/02:16]: kpathsea.win32 [477k]
Installing [057/122, time/total: 00:33/02:14]: kvdefinekeys [297k]
Installing [058/122, time/total: 00:34/02:17]: kvoptions [490k]
Installing [059/122, time/total: 00:35/02:19]: kvsetkeys [378k]
Installing [060/122, time/total: 00:35/02:17]: l3backend [882k]
Installing [061/122, time/total: 00:36/02:18]: l3kernel [12048k]
Installing [062/122, time/total: 00:39/01:51]: l3packages [1832k]
Installing [063/122, time/total: 00:40/01:50]: latex [28486k]
Installing [064/122, time/total: 00:48/01:23]: latex-bin [54k]
Installing [065/122, time/total: 00:48/01:23]: latex-bin.win32 [2k]
Installing [066/122, time/total: 00:48/01:23]: latex-fonts [19k]
Installing [067/122, time/total: 00:49/01:25]: latexconfig [4k]
Installing [068/122, time/total: 00:49/01:25]: letltxmacro [292k]
Installing [069/122, time/total: 00:49/01:25]: lm [13258k]
Installing [070/122, time/total: 00:54/01:20]: ltxcmds [400k]
Installing [071/122, time/total: 00:54/01:19]: ltxmisc [16k]
Installing [072/122, time/total: 00:54/01:19]: lua-alt-getopt [6k]
Installing [073/122, time/total: 00:55/01:21]: lua-uni-algos [80k]
Installing [074/122, time/total: 00:55/01:21]: luahbtex [30k]
Installing [075/122, time/total: 00:55/01:21]: luahbtex.win32 [1524k]
Installing [076/122, time/total: 00:56/01:21]: lualibs [214k]
Installing [077/122, time/total: 00:57/01:22]: luaotfload [1214k]
Installing [078/122, time/total: 00:58/01:22]: luaotfload.win32 [1k]
Installing [079/122, time/total: 00:58/01:22]: luatex.win32 [1780k]
Installing [080/122, time/total: 00:58/01:21]: makeindex [460k]
Installing [081/122, time/total: 00:59/01:22]: makeindex.win32 [18k]
Installing [082/122, time/total: 00:59/01:22]: metafont [61k]
Installing [083/122, time/total: 01:00/01:23]: metafont.win32 [143k]
Installing [084/122, time/total: 01:00/01:23]: mflogo [242k]
Installing [085/122, time/total: 01:01/01:24]: mfnfss [458k]
Installing [086/122, time/total: 01:01/01:24]: mfware [102k]
Installing [087/122, time/total: 01:02/01:25]: mfware.win32 [58k]
Installing [088/122, time/total: 01:02/01:25]: modes [297k]
Installing [089/122, time/total: 01:02/01:25]: mptopdf [52k]
Installing [090/122, time/total: 01:03/01:26]: mptopdf.win32 [1k]
Installing [091/122, time/total: 01:03/01:26]: natbib [493k]
Installing [092/122, time/total: 01:03/01:26]: oberdiek [8569k]
Installing [093/122, time/total: 01:06/01:23]: pagesel [334k]
Installing [094/122, time/total: 01:07/01:24]: pdfescape [347k]
Installing [095/122, time/total: 01:07/01:23]: pdftex [1628k]
Installing [096/122, time/total: 01:08/01:23]: pdftex.win32 [693k]
Installing [097/122, time/total: 01:08/01:23]: pdftexcmds [391k]
Installing [098/122, time/total: 01:09/01:24]: plain [29k]
Installing [099/122, time/total: 01:09/01:24]: pslatex [7k]
Installing [100/122, time/total: 01:10/01:25]: psnfss [275k]
Installing [101/122, time/total: 01:10/01:25]: pspicture [50k]
Installing [102/122, time/total: 01:11/01:26]: refcount [329k]
Installing [103/122, time/total: 01:11/01:26]: rerunfilecheck [317k]
Installing [104/122, time/total: 01:12/01:27]: stringenc [702k]
Installing [105/122, time/total: 01:13/01:27]: symbol [36k]
Installing [106/122, time/total: 01:13/01:27]: tex [44k]
Installing [107/122, time/total: 01:13/01:27]: tex-ini-files [5k]
Installing [108/122, time/total: 01:14/01:28]: tex.win32 [130k]
Installing [109/122, time/total: 01:14/01:28]: texlive-common [565k]
Installing [110/122, time/total: 01:14/01:28]: texlive-en [1908k]
Installing [111/122, time/total: 01:15/01:28]: texlive-msg-translations [143k]
Installing [112/122, time/total: 01:15/01:28]: texlive-scripts.win32 [36k]
Installing [113/122, time/total: 01:16/01:29]: texlive.infra.win32 [2604k]
Installing [114/122, time/total: 01:17/01:28]: tlgs.win32 [8178k]
Installing [115/122, time/total: 01:19/01:24]: tlshell [33k]
Installing [116/122, time/total: 01:19/01:24]: tlshell.win32 [2723k]
Installing [117/122, time/total: 01:21/01:25]: tools [5427k]
Installing [118/122, time/total: 01:23/01:23]: unicode-data [303k]
Installing [119/122, time/total: 01:23/01:23]: uniquecounter [292k]
Installing [120/122, time/total: 01:24/01:24]: url [266k]
Installing [121/122, time/total: 01:24/01:24]: xdvi [175k]
Installing [122/122, time/total: 01:24/01:24]: zapfding [46k]
Time used for installing the packages: 01:25
Configuring for using external perl for third-party scripts
running mktexlsr C:/texlive/2021/texmf-dist ...
writing fmtutil.cnf to C:/texlive/2021/texmf-dist/web2c/fmtutil.cnf
writing updmap.cfg to C:/texlive/2021/texmf-dist/web2c/updmap.cfg
writing language.dat to C:/texlive/2021/texmf-var/tex/generic/config/language.dat
writing language.def to C:/texlive/2021/texmf-var/tex/generic/config/language.def
writing language.dat.lua to C:/texlive/2021/texmf-var/tex/generic/config/language.dat.lua
running mktexlsr C:/texlive/2021/texmf-var C:/texlive/2021/texmf-config C:/texlive/2021/texmf-dist ...
running updmap-sys --nohash ...done
updmap will read the following updmap.cfg files (in precedence order):
  c:/texlive/2021/texmf-dist/web2c/updmap.cfg
updmap may write changes to the following updmap.cfg file:
  c:/texlive/2021/texmf-config/web2c/updmap.cfg
dvips output dir: "c:/texlive/2021/texmf-var/fonts/map/dvips/updmap"
pdftex output dir: "c:/texlive/2021/texmf-var/fonts/map/pdftex/updmap"
dvipdfmx output dir: "c:/texlive/2021/texmf-var/fonts/map/dvipdfmx/updmap"

updmap is creating new map files
using the following configuration:
  LW35 font names                  : URWkb (c:/texlive/2021/texmf-dist/web2c/updmap.cfg)
  prefer outlines                  : true (c:/texlive/2021/texmf-dist/web2c/updmap.cfg)
  texhash enabled                  : false
  download standard fonts (dvips)  : true (c:/texlive/2021/texmf-dist/web2c/updmap.cfg)
  download standard fonts (pdftex) : true (c:/texlive/2021/texmf-dist/web2c/updmap.cfg)
  jaEmbed replacement string       : haranoaji (c:/texlive/2021/texmf-dist/web2c/updmap.cfg)
  jaVariant replacement string     : -04 (c:/texlive/2021/texmf-dist/web2c/updmap.cfg)
  scEmbed replacement string       : arphic (c:/texlive/2021/texmf-dist/web2c/updmap.cfg)
  tcEmbed replacement string       : arphic (c:/texlive/2021/texmf-dist/web2c/updmap.cfg)
  koEmbed replacement string       : baekmuk (c:/texlive/2021/texmf-dist/web2c/updmap.cfg)
  create a mapfile for pxdvi       : false (default)

Scanning for LW35 support files  [  3 files]
Scanning for MixedMap entries    [  6 files]
Scanning for KanjiMap entries    [  0 files]
Scanning for Map entries         [ 10 files]

Generating output for dvipdfmx...
Generating output for ps2pk...
Generating output for dvips...
Generating output for pdftex...

Files generated:
  c:/texlive/2021/texmf-var/fonts/map/dvips/updmap:
       16037 2022-03-30 05:03:05 builtin35.map
       21511 2022-03-30 05:03:05 download35.map
       73126 2022-03-30 05:03:05 psfonts_pk.map
       77127 2022-03-30 05:03:05 psfonts_t1.map
       77122 2022-03-30 05:03:05 ps2pk.map
       77127 2022-03-30 05:03:05 psfonts.map = psfonts_t1.map
  c:/texlive/2021/texmf-var/fonts/map/pdftex/updmap:
       77129 2022-03-30 05:03:05 pdftex_dl14.map
       75464 2022-03-30 05:03:05 pdftex_ndl14.map
       77129 2022-03-30 05:03:05 pdftex.map = pdftex_dl14.map
  c:/texlive/2021/texmf-var/fonts/map/dvipdfmx/updmap:
         309 2022-03-30 05:03:05 kanjix.map

Transcript written on "c:/texlive/2021/texmf-var/web2c/updmap.log".
re-running mktexlsr C:/texlive/2021/texmf-var C:/texlive/2021/texmf-config ...
Creating uninstaller
Registering uninstaller
pre-generating all format files, be patient...
running fmtutil-sys --no-error-if-no-engine=luajithbtex,luajittex,mfluajit --no-strict --all ...done
fmtutil: fmtutil is using the following fmtutil.cnf files (in precedence order):
fmtutil:   c:/texlive/2021/texmf-dist/web2c/fmtutil.cnf
fmtutil: fmtutil is using the following fmtutil.cnf file for writing changes:
fmtutil:   c:/texlive/2021/texmf-config/web2c/fmtutil.cnf
fmtutil [INFO]: writing formats under c:/texlive/2021/texmf-var/web2c
fmtutil [INFO]: --- remaking luatex with luatex
fmtutil: running `luatex -ini   -jobname=luatex -progname=luatex luatex.ini' ...
This is LuaTeX, Version 1.13.2 (TeX Live 2021/W32TeX)  (INITEX)
 restricted system commands enabled.
(c:/texlive/2021/texmf-dist/tex/generic/tex-ini-files/luatex.ini
(c:/texlive/2021/texmf-dist/tex/generic/tex-ini-files/luatexconfig.tex
(c:/texlive/2021/texmf-dist/tex/generic/tex-ini-files/pdftexconfig.tex))
(c:/texlive/2021/texmf-dist/tex/generic/config/luatexiniconfig.tex)
(c:/texlive/2021/texmf-dist/tex/generic/unicode-data/load-unicode-data.tex 
load-unicode-data.tex v1.15 (2021-09-15)
Reading Unicode data
# UnicodeData-14.0.0.txt
# Modified 2021-09-15 11:00:00 GMT [JAW]
) (c:/texlive/2021/texmf-dist/tex/luatex/hyph-utf8/etex.src
(c:/texlive/2021/texmf-dist/tex/plain/base/plain.tex
Preloading the plain format: codes, registers, parameters, fonts, more fonts,
macros, math definitions, output routines, hyphenation
(c:/texlive/2021/texmf-dist/tex/generic/hyphen/hyphen.tex
[skipping from \patterns to end-of-file...]))
(c:/texlive/2021/texmf-dist/tex/plain/etex/etexdefs.lib
Skipping module "grouptypes"; Loading module "interactionmodes";
Skipping module "nodetypes"; Skipping module "iftypes";)
(c:/texlive/2021/texmf-var/tex/generic/config/language.def
(c:/texlive/2021/texmf-dist/tex/generic/hyphen/hyphen.tex))
Augmenting the Plain TeX definitions: \tracingall;
Adding new e-TeX definitions: \eTeX, \loggingall, \tracingnone,
register allocation; extended register allocation; 
Recycling: \addlanguage, \@nswer (not defined), \@sk, \b@dresponsetrue,
\b@dresponsefalse, \ch@ckforyn, \mayber@cycle, \et@xabort, \et@xbuf,
\et@xfmtsrc, \et@xfilehdr, \et@xinf, \et@xpatterns, \l@ngdefnfile, \n@xt,
\p@rse (not defined), \pr@mpt (not defined), \pr@mptloop (not defined),
\forcer@cycle, \usef@llback, \usef@llbacktrue, \usef@llbackfalse, 
Retaining: \et@xerr, \et@xinput, \et@xlibhdr, \et@xmsg, \et@xtoks, \et@xwarn,
\et@xl@@d, \et@xl@ad, \et@xload, \et@xlang, \et@xhash, \eTeX, \etexhdrchk,
\etexstatus, \module, \uselanguage, \r@tain, \r@cycle,))
Beginning to dump on file luatex.fmt
 (format=luatex 2022.3.30)
3359 strings using 10268 bytes
68809 memory locations dumped; current usage is 149&7701
1871 multiletter control sequences
\font\nullfont=nullfont
\font\tenrm=cmr10
\font\preloaded=cmr9
\font\preloaded=cmr8
\font\sevenrm=cmr7
\font\preloaded=cmr6
\font\fiverm=cmr5
\font\teni=cmmi10
\font\preloaded=cmmi9
\font\preloaded=cmmi8
\font\seveni=cmmi7
\font\preloaded=cmmi6
\font\fivei=cmmi5
\font\tensy=cmsy10
\font\preloaded=cmsy9
\font\preloaded=cmsy8
\font\sevensy=cmsy7
\font\preloaded=cmsy6
\font\fivesy=cmsy5
\font\tenex=cmex10
\font\preloaded=cmss10
\font\preloaded=cmssq8
\font\preloaded=cmssi10
\font\preloaded=cmssqi8
\font\tenbf=cmbx10
\font\preloaded=cmbx9
\font\preloaded=cmbx8
\font\sevenbf=cmbx7
\font\preloaded=cmbx6
\font\fivebf=cmbx5
\font\tentt=cmtt10
\font\preloaded=cmtt9
\font\preloaded=cmtt8
\font\preloaded=cmsltt10
\font\tensl=cmsl10
\font\preloaded=cmsl9
\font\preloaded=cmsl8
\font\tenit=cmti10
\font\preloaded=cmti9
\font\preloaded=cmti8
\font\preloaded=cmti7
\font\preloaded=cmu10
\font\preloaded=cmmib10
\font\preloaded=cmbsy10
\font\preloaded=cmcsc10
\font\preloaded=cmssbx10
\font\preloaded=cmdunh10
\font\preloaded=cmr7 at 14.51799pt
\font\preloaded=cmtt10 at 14.4pt
\font\preloaded=cmssbx10 at 14.4pt
\font\preloaded=manfnt
50 preloaded fonts
warning  (pdf backend): no pages of output.
Transcript written on luatex.log.
fmtutil [INFO]: log file copied to: c:/texlive/2021/texmf-var/web2c/luatex/luatex.log
fmtutil [INFO]: c:/texlive/2021/texmf-var/web2c/luatex/luatex.fmt installed.
fmtutil [INFO]: --- remaking tex with tex
fmtutil: running `tex -ini   -jobname=tex -progname=tex tex.ini' ...
This is TeX, Version 3.141592653 (TeX Live 2021/W32TeX) (INITEX)
(c:/texlive/2021/texmf-dist/tex/plain/config/tex.ini
(c:/texlive/2021/texmf-dist/tex/plain/base/plain.tex
Preloading the plain format: codes, registers, parameters, fonts, more fonts,
macros, math definitions, output routines, hyphenation
(c:/texlive/2021/texmf-dist/tex/generic/hyphen/hyphen.tex)) )
Beginning to dump on file tex.fmt
 (preloaded format=tex 2022.3.30)
2028 strings of total length 29308
4991 memory locations dumped; current usage is 110&4878
926 multiletter control sequences
\font\nullfont=nullfont
\font\tenrm=cmr10
\font\preloaded=cmr9
\font\preloaded=cmr8
\font\sevenrm=cmr7
\font\preloaded=cmr6
\font\fiverm=cmr5
\font\teni=cmmi10
\font\preloaded=cmmi9
\font\preloaded=cmmi8
\font\seveni=cmmi7
\font\preloaded=cmmi6
\font\fivei=cmmi5
\font\tensy=cmsy10
\font\preloaded=cmsy9
\font\preloaded=cmsy8
\font\sevensy=cmsy7
\font\preloaded=cmsy6
\font\fivesy=cmsy5
\font\tenex=cmex10
\font\preloaded=cmss10
\font\preloaded=cmssq8
\font\preloaded=cmssi10
\font\preloaded=cmssqi8
\font\tenbf=cmbx10
\font\preloaded=cmbx9
\font\preloaded=cmbx8
\font\sevenbf=cmbx7
\font\preloaded=cmbx6
\font\fivebf=cmbx5
\font\tentt=cmtt10
\font\preloaded=cmtt9
\font\preloaded=cmtt8
\font\preloaded=cmsltt10
\font\tensl=cmsl10
\font\preloaded=cmsl9
\font\preloaded=cmsl8
\font\tenit=cmti10
\font\preloaded=cmti9
\font\preloaded=cmti8
\font\preloaded=cmti7
\font\preloaded=cmu10
\font\preloaded=cmmib10
\font\preloaded=cmbsy10
\font\preloaded=cmcsc10
\font\preloaded=cmssbx10
\font\preloaded=cmdunh10
\font\preloaded=cmr7 at 14.51799pt
\font\preloaded=cmtt10 at 14.4pt
\font\preloaded=cmssbx10 at 14.4pt
\font\preloaded=manfnt
14787 words of font info for 50 preloaded fonts
14 hyphenation exceptions
Hyphenation trie of length 6075 has 181 ops out of 35111
  181 for language 0
No pages of output.
Transcript written on tex.log.
fmtutil [INFO]: log file copied to: c:/texlive/2021/texmf-var/web2c/tex/tex.log
fmtutil [INFO]: c:/texlive/2021/texmf-var/web2c/tex/tex.fmt installed.
fmtutil [INFO]: --- remaking pdftex with pdftex
fmtutil: running `pdftex -ini   -jobname=pdftex -progname=pdftex -translate-file=cp227.tcx *pdfetex.ini' ...
This is pdfTeX, Version 3.141592653-2.6-1.40.23 (TeX Live 2021/W32TeX) (INITEX)
 restricted \write18 enabled.
 (c:/texlive/2021/texmf-dist/web2c/cp227.tcx)
entering extended mode
(c:/texlive/2021/texmf-dist/tex/plain/config/pdfetex.ini
(c:/texlive/2021/texmf-dist/tex/generic/tex-ini-files/pdftexconfig.tex)
(c:/texlive/2021/texmf-dist/tex/plain/etex/etex.src
(c:/texlive/2021/texmf-dist/tex/plain/base/plain.tex
Preloading the plain format: codes, registers, parameters, fonts, more fonts,
macros, math definitions, output routines, hyphenation
(c:/texlive/2021/texmf-dist/tex/generic/hyphen/hyphen.tex
[skipping from \patterns to end-of-file...]))
(c:/texlive/2021/texmf-dist/tex/plain/etex/etexdefs.lib
Skipping module "grouptypes"; Loading module "interactionmodes";
Skipping module "nodetypes"; Skipping module "iftypes";)
(c:/texlive/2021/texmf-var/tex/generic/config/language.def
(c:/texlive/2021/texmf-dist/tex/generic/hyphen/hyphen.tex))
Augmenting the Plain TeX definitions: \tracingall;
Adding new e-TeX definitions: \eTeX, \loggingall, \tracingnone,
register allocation; extended register allocation; 
Recycling: \addlanguage, \@nswer (not defined), \@sk, \b@dresponsetrue,
\b@dresponsefalse, \ch@ckforyn, \mayber@cycle, \et@xabort, \et@xbuf,
\et@xfmtsrc, \et@xfilehdr, \et@xinf, \et@xpatterns, \l@ngdefnfile, \n@xt,
\p@rse (not defined), \pr@mpt (not defined), \pr@mptloop (not defined),
\forcer@cycle, \usef@llback, \usef@llbacktrue, \usef@llbackfalse, 
Retaining: \et@xerr, \et@xinput, \et@xlibhdr, \et@xmsg, \et@xtoks, \et@xwarn,
\et@xl@@d, \et@xl@ad, \et@xload, \et@xlang, \et@xhash, \eTeX, \etexhdrchk,
\etexstatus, \module, \uselanguage, \r@tain, \r@cycle,)
(c:/texlive/2021/texmf-dist/tex/plain/config/pdftexmagfix.tex) )
Beginning to dump on file pdftex.fmt
 (preloaded format=pdftex 2022.3.30)
2916 strings of total length 43438
7961 memory locations dumped; current usage is 203&7322
1269 multiletter control sequences
\font\nullfont=nullfont
\font\tenrm=cmr10
\font\preloaded=cmr9
\font\preloaded=cmr8
\font\sevenrm=cmr7
\font\preloaded=cmr6
\font\fiverm=cmr5
\font\teni=cmmi10
\font\preloaded=cmmi9
\font\preloaded=cmmi8
\font\seveni=cmmi7
\font\preloaded=cmmi6
\font\fivei=cmmi5
\font\tensy=cmsy10
\font\preloaded=cmsy9
\font\preloaded=cmsy8
\font\sevensy=cmsy7
\font\preloaded=cmsy6
\font\fivesy=cmsy5
\font\tenex=cmex10
\font\preloaded=cmss10
\font\preloaded=cmssq8
\font\preloaded=cmssi10
\font\preloaded=cmssqi8
\font\tenbf=cmbx10
\font\preloaded=cmbx9
\font\preloaded=cmbx8
\font\sevenbf=cmbx7
\font\preloaded=cmbx6
\font\fivebf=cmbx5
\font\tentt=cmtt10
\font\preloaded=cmtt9
\font\preloaded=cmtt8
\font\preloaded=cmsltt10
\font\tensl=cmsl10
\font\preloaded=cmsl9
\font\preloaded=cmsl8
\font\tenit=cmti10
\font\preloaded=cmti9
\font\preloaded=cmti8
\font\preloaded=cmti7
\font\preloaded=cmu10
\font\preloaded=cmmib10
\font\preloaded=cmbsy10
\font\preloaded=cmcsc10
\font\preloaded=cmssbx10
\font\preloaded=cmdunh10
\font\preloaded=cmr7 at 14.51799pt
\font\preloaded=cmtt10 at 14.4pt
\font\preloaded=cmssbx10 at 14.4pt
\font\preloaded=manfnt
14787 words of font info for 50 preloaded fonts
14 hyphenation exceptions
Hyphenation trie of length 6075 has 181 ops out of 35111
  181 for language 0
0 words of pdfTeX memory
0 indirect objects
No pages of output.
Transcript written on pdftex.log.
fmtutil [INFO]: log file copied to: c:/texlive/2021/texmf-var/web2c/pdftex/pdftex.log
fmtutil [INFO]: c:/texlive/2021/texmf-var/web2c/pdftex/pdftex.fmt installed.
fmtutil [INFO]: --- remaking luahbtex with luahbtex
fmtutil: running `luahbtex -ini   -jobname=luahbtex -progname=luahbtex luatex.ini' ...
This is LuaHBTeX, Version 1.13.2 (TeX Live 2021/W32TeX)  (INITEX)
 restricted system commands enabled.
(c:/texlive/2021/texmf-dist/tex/generic/tex-ini-files/luatex.ini
(c:/texlive/2021/texmf-dist/tex/generic/tex-ini-files/luatexconfig.tex
(c:/texlive/2021/texmf-dist/tex/generic/tex-ini-files/pdftexconfig.tex))
(c:/texlive/2021/texmf-dist/tex/generic/config/luatexiniconfig.tex)
(c:/texlive/2021/texmf-dist/tex/generic/unicode-data/load-unicode-data.tex 
load-unicode-data.tex v1.15 (2021-09-15)
Reading Unicode data
# UnicodeData-14.0.0.txt
# Modified 2021-09-15 11:00:00 GMT [JAW]
) (c:/texlive/2021/texmf-dist/tex/luatex/hyph-utf8/etex.src
(c:/texlive/2021/texmf-dist/tex/plain/base/plain.tex
Preloading the plain format: codes, registers, parameters, fonts, more fonts,
macros, math definitions, output routines, hyphenation
(c:/texlive/2021/texmf-dist/tex/generic/hyphen/hyphen.tex
[skipping from \patterns to end-of-file...]))
(c:/texlive/2021/texmf-dist/tex/plain/etex/etexdefs.lib
Skipping module "grouptypes"; Loading module "interactionmodes";
Skipping module "nodetypes"; Skipping module "iftypes";)
(c:/texlive/2021/texmf-var/tex/generic/config/language.def
(c:/texlive/2021/texmf-dist/tex/generic/hyphen/hyphen.tex))
Augmenting the Plain TeX definitions: \tracingall;
Adding new e-TeX definitions: \eTeX, \loggingall, \tracingnone,
register allocation; extended register allocation; 
Recycling: \addlanguage, \@nswer (not defined), \@sk, \b@dresponsetrue,
\b@dresponsefalse, \ch@ckforyn, \mayber@cycle, \et@xabort, \et@xbuf,
\et@xfmtsrc, \et@xfilehdr, \et@xinf, \et@xpatterns, \l@ngdefnfile, \n@xt,
\p@rse (not defined), \pr@mpt (not defined), \pr@mptloop (not defined),
\forcer@cycle, \usef@llback, \usef@llbacktrue, \usef@llbackfalse, 
Retaining: \et@xerr, \et@xinput, \et@xlibhdr, \et@xmsg, \et@xtoks, \et@xwarn,
\et@xl@@d, \et@xl@ad, \et@xload, \et@xlang, \et@xhash, \eTeX, \etexhdrchk,
\etexstatus, \module, \uselanguage, \r@tain, \r@cycle,))
Beginning to dump on file luahbtex.fmt
 (format=luahbtex 2022.3.30)
3359 strings using 10272 bytes
68809 memory locations dumped; current usage is 149&7701
1871 multiletter control sequences
\font\nullfont=nullfont
\font\tenrm=cmr10
\font\preloaded=cmr9
\font\preloaded=cmr8
\font\sevenrm=cmr7
\font\preloaded=cmr6
\font\fiverm=cmr5
\font\teni=cmmi10
\font\preloaded=cmmi9
\font\preloaded=cmmi8
\font\seveni=cmmi7
\font\preloaded=cmmi6
\font\fivei=cmmi5
\font\tensy=cmsy10
\font\preloaded=cmsy9
\font\preloaded=cmsy8
\font\sevensy=cmsy7
\font\preloaded=cmsy6
\font\fivesy=cmsy5
\font\tenex=cmex10
\font\preloaded=cmss10
\font\preloaded=cmssq8
\font\preloaded=cmssi10
\font\preloaded=cmssqi8
\font\tenbf=cmbx10
\font\preloaded=cmbx9
\font\preloaded=cmbx8
\font\sevenbf=cmbx7
\font\preloaded=cmbx6
\font\fivebf=cmbx5
\font\tentt=cmtt10
\font\preloaded=cmtt9
\font\preloaded=cmtt8
\font\preloaded=cmsltt10
\font\tensl=cmsl10
\font\preloaded=cmsl9
\font\preloaded=cmsl8
\font\tenit=cmti10
\font\preloaded=cmti9
\font\preloaded=cmti8
\font\preloaded=cmti7
\font\preloaded=cmu10
\font\preloaded=cmmib10
\font\preloaded=cmbsy10
\font\preloaded=cmcsc10
\font\preloaded=cmssbx10
\font\preloaded=cmdunh10
\font\preloaded=cmr7 at 14.51799pt
\font\preloaded=cmtt10 at 14.4pt
\font\preloaded=cmssbx10 at 14.4pt
\font\preloaded=manfnt
50 preloaded fonts
warning  (pdf backend): no pages of output.
Transcript written on luahbtex.log.
fmtutil [INFO]: log file copied to: c:/texlive/2021/texmf-var/web2c/luahbtex/luahbtex.log
fmtutil [INFO]: c:/texlive/2021/texmf-var/web2c/luahbtex/luahbtex.fmt installed.
fmtutil [INFO]: --- remaking latex with pdftex
fmtutil: running `pdftex -ini   -jobname=latex -progname=latex -translate-file=cp227.tcx *latex.ini' ...
This is pdfTeX, Version 3.141592653-2.6-1.40.23 (TeX Live 2021/W32TeX) (INITEX)
 restricted \write18 enabled.
 (c:/texlive/2021/texmf-dist/web2c/cp227.tcx)
entering extended mode
(c:/texlive/2021/texmf-dist/tex/latex/latexconfig/latex.ini
(c:/texlive/2021/texmf-dist/tex/generic/tex-ini-files/pdftexconfig.tex)
(c:/texlive/2021/texmf-dist/tex/latex/base/latex.ltx
(c:/texlive/2021/texmf-dist/tex/latex/base/texsys.cfg)
./texsys.aux found


\@currdir set to: ./.


Assuming \openin and \input 
have the same search path.


Defining UNIX/DOS style filename parser.

catcodes, registers, parameters,
LaTeX2e <2021-11-15> patch level 1
(c:/texlive/2021/texmf-dist/tex/latex/l3kernel/expl3.ltx
(c:/texlive/2021/texmf-dist/tex/latex/l3kernel/expl3-code.tex)) hacks,
document commands, control, par, spacing, files, font encodings, lengths,
====================================

Local config file fonttext.cfg used

====================================
(c:/texlive/2021/texmf-dist/tex/latex/base/fonttext.cfg
(c:/texlive/2021/texmf-dist/tex/latex/base/fonttext.ltx
=== Don't modify this file, use a .cfg file instead ===

(c:/texlive/2021/texmf-dist/tex/latex/base/omlenc.def)
(c:/texlive/2021/texmf-dist/tex/latex/base/omsenc.def)
(c:/texlive/2021/texmf-dist/tex/latex/base/ot1enc.def)
(c:/texlive/2021/texmf-dist/tex/latex/base/t1enc.def)
(c:/texlive/2021/texmf-dist/tex/latex/base/ts1enc.def)
(c:/texlive/2021/texmf-dist/tex/latex/base/ts1cmr.fd)
(c:/texlive/2021/texmf-dist/tex/latex/base/t1cmr.fd)
(c:/texlive/2021/texmf-dist/tex/latex/base/ot1cmr.fd)
(c:/texlive/2021/texmf-dist/tex/latex/base/ot1cmss.fd)
(c:/texlive/2021/texmf-dist/tex/latex/base/ot1cmtt.fd)))
====================================

Local config file fontmath.cfg used

====================================
(c:/texlive/2021/texmf-dist/tex/latex/base/fontmath.cfg
(c:/texlive/2021/texmf-dist/tex/latex/base/fontmath.ltx
=== Don't modify this file, use a .cfg file instead ===

(c:/texlive/2021/texmf-dist/tex/latex/base/omlcmm.fd)
(c:/texlive/2021/texmf-dist/tex/latex/base/omscmsy.fd)
(c:/texlive/2021/texmf-dist/tex/latex/base/omxcmex.fd)
(c:/texlive/2021/texmf-dist/tex/latex/base/ucmr.fd)))
====================================

Local config file preload.cfg used

=====================================
(c:/texlive/2021/texmf-dist/tex/latex/base/preload.cfg
(c:/texlive/2021/texmf-dist/tex/latex/base/preload.ltx)) page nos., x-ref,
environments, center, verbatim, math definitions, boxes, title, sectioning,
contents, floats, footnotes, index, bibliography, output,
===========================================
Local configuration file hyphen.cfg used
===========================================
(c:/texlive/2021/texmf-dist/tex/generic/babel/hyphen.cfg
(c:/texlive/2021/texmf-dist/tex/generic/hyphen/hyphen.tex)
(c:/texlive/2021/texmf-dist/tex/generic/hyphen/dumyhyph.tex)
(c:/texlive/2021/texmf-dist/tex/generic/hyphen/zerohyph.tex))
(c:/texlive/2021/texmf-dist/tex/generic/pdftex/glyphtounicode.tex)
(c:/texlive/2021/texmf-dist/tex/latex/base/utf8.def
(c:/texlive/2021/texmf-dist/tex/latex/base/omsenc.dfu)
(c:/texlive/2021/texmf-dist/tex/latex/base/ot1enc.dfu)
(c:/texlive/2021/texmf-dist/tex/latex/base/t1enc.dfu)
(c:/texlive/2021/texmf-dist/tex/latex/base/ts1enc.dfu))
(c:/texlive/2021/texmf-dist/tex/latex/firstaid/latex2e-first-aid-for-external-f
iles.ltx)
 ) )
Beginning to dump on file latex.fmt
 (preloaded format=latex 2022.3.30)
19763 strings of total length 353874
283472 memory locations dumped; current usage is 165&281743
18060 multiletter control sequences
\font\nullfont=nullfont
\font\c__fp_exp_intarray=cmr10 at 0.00002pt
\font\c__fp_trig_intarray=cmr10 at 0.00003pt
\font\c_initex_cctab=cmr10 at 0.00005pt
\font\c_other_cctab=cmr10 at 0.00006pt
\font\c_str_cctab=cmr10 at 0.00008pt
\font\g__regex_state_active_intarray=cmr10 at 0.00009pt
\font\g__regex_thread_info_intarray=cmr10 at 0.0001pt
\font\g__regex_submatch_prev_intarray=cmr10 at 0.00012pt
\font\g__regex_submatch_begin_intarray=cmr10 at 0.00014pt
\font\g__regex_submatch_end_intarray=cmr10 at 0.00015pt
\font\g__regex_submatch_case_intarray=cmr10 at 0.00017pt
\font\g__regex_balance_intarray=cmr10 at 0.00018pt
\font\OMX/cmex/m/n/10=cmex10
\font\tenln=line10
\font\tenlnw=linew10
\font\tencirc=lcircle10
\font\tencircw=lcirclew10
\font\OT1/cmr/m/n/5=cmr5
\font\OT1/cmr/m/n/7=cmr7
\font\OT1/cmr/m/n/10=cmr10
\font\OML/cmm/m/it/5=cmmi5
\font\OML/cmm/m/it/7=cmmi7
\font\OML/cmm/m/it/10=cmmi10
\font\OMS/cmsy/m/n/5=cmsy5
\font\OMS/cmsy/m/n/7=cmsy7
\font\OMS/cmsy/m/n/10=cmsy10
\font\c_code_cctab=cmr10 at 0.0002pt
\font\c_document_cctab=cmr10 at 0.00021pt
469252 words of font info for 28 preloaded fonts
14 hyphenation exceptions
Hyphenation trie of length 6081 has 183 ops out of 35111
  2 for language 1
  181 for language 0
0 words of pdfTeX memory
0 indirect objects
No pages of output.
Transcript written on latex.log.
fmtutil [INFO]: log file copied to: c:/texlive/2021/texmf-var/web2c/pdftex/latex.log
fmtutil [INFO]: c:/texlive/2021/texmf-var/web2c/pdftex/latex.fmt installed.
fmtutil [INFO]: --- remaking dvilualatex with luatex
fmtutil: running `luatex -ini   -jobname=dvilualatex -progname=dvilualatex dvilualatex.ini' ...
This is LuaTeX, Version 1.13.2 (TeX Live 2021/W32TeX)  (INITEX)
 restricted system commands enabled.
(c:/texlive/2021/texmf-dist/tex/generic/tex-ini-files/dvilualatex.ini
(c:/texlive/2021/texmf-dist/tex/generic/tex-ini-files/lualatex.ini
(c:/texlive/2021/texmf-dist/tex/generic/tex-ini-files/luatexconfig.tex
(c:/texlive/2021/texmf-dist/tex/generic/tex-ini-files/pdftexconfig.tex))
(c:/texlive/2021/texmf-dist/tex/latex/base/latex.ltx
(c:/texlive/2021/texmf-dist/tex/latex/base/texsys.cfg)
./texsys.aux found


\@currdir set to: ./.


Assuming \openin and \input 
have the same search path.


Defining UNIX/DOS style filename parser.

catcodes, registers, parameters,
LaTeX2e <2021-11-15> patch level 1
(c:/texlive/2021/texmf-dist/tex/latex/l3kernel/expl3.ltx
(c:/texlive/2021/texmf-dist/tex/latex/l3kernel/expl3-code.tex)) hacks,
document commands, control, par, spacing, files, font encodings, lengths,
====================================

Local config file fonttext.cfg used

====================================
(c:/texlive/2021/texmf-dist/tex/latex/base/fonttext.cfg
(c:/texlive/2021/texmf-dist/tex/latex/base/fonttext.ltx
=== Don't modify this file, use a .cfg file instead ===

(c:/texlive/2021/texmf-dist/tex/latex/base/omlenc.def)
(c:/texlive/2021/texmf-dist/tex/latex/base/omsenc.def)
(c:/texlive/2021/texmf-dist/tex/latex/base/ot1enc.def)
(c:/texlive/2021/texmf-dist/tex/latex/base/t1enc.def)
(c:/texlive/2021/texmf-dist/tex/latex/base/ts1enc.def)
(c:/texlive/2021/texmf-dist/tex/latex/base/tuenc.def)
(c:/texlive/2021/texmf-dist/tex/latex/base/tulmr.fd)
(c:/texlive/2021/texmf-dist/tex/latex/base/tulmss.fd)
(c:/texlive/2021/texmf-dist/tex/latex/base/tulmtt.fd)
(c:/texlive/2021/texmf-dist/tex/latex/lm/ts1lmr.fd)
(c:/texlive/2021/texmf-dist/tex/latex/base/t1cmr.fd)
(c:/texlive/2021/texmf-dist/tex/latex/base/ot1cmr.fd)
(c:/texlive/2021/texmf-dist/tex/latex/base/ot1cmss.fd)
(c:/texlive/2021/texmf-dist/tex/latex/base/ot1cmtt.fd)))
====================================

Local config file fontmath.cfg used

====================================
(c:/texlive/2021/texmf-dist/tex/latex/base/fontmath.cfg
(c:/texlive/2021/texmf-dist/tex/latex/base/fontmath.ltx
=== Don't modify this file, use a .cfg file instead ===

(c:/texlive/2021/texmf-dist/tex/latex/base/omlcmm.fd)
(c:/texlive/2021/texmf-dist/tex/latex/base/omscmsy.fd)
(c:/texlive/2021/texmf-dist/tex/latex/base/omxcmex.fd)
(c:/texlive/2021/texmf-dist/tex/latex/base/ucmr.fd)))
====================================

Local config file preload.cfg used

=====================================
(c:/texlive/2021/texmf-dist/tex/latex/base/preload.cfg
(c:/texlive/2021/texmf-dist/tex/latex/base/preload.ltx)) page nos., x-ref,
environments, center, verbatim, math definitions, boxes, title, sectioning,
contents, floats, footnotes, index, bibliography, output,
 Unicode character data,
(c:/texlive/2021/texmf-dist/tex/generic/unicode-data/load-unicode-data.tex 
load-unicode-data.tex v1.15 (2021-09-15)
Reading Unicode data
# UnicodeData-14.0.0.txt
# Modified 2021-09-15 11:00:00 GMT [JAW]
)
===========================================
Local configuration file hyphen.cfg used
===========================================
(c:/texlive/2021/texmf-dist/tex/generic/babel/hyphen.cfg
(c:/texlive/2021/texmf-dist/tex/generic/babel/luababel.def)
(c:/texlive/2021/texmf-dist/tex/generic/hyphen/hyphen.tex))
(c:/texlive/2021/texmf-dist/tex/latex/firstaid/latex2e-first-aid-for-external-f
iles.ltx)
)))
Beginning to dump on file dvilualatex.fmt
 (format=dvilualatex 2022.3.30)
22205 strings using 364591 bytes
686503 memory locations dumped; current usage is 204&317311
20832 multiletter control sequences
\font\nullfont=nullfont
\font\OMX/cmex/m/n/10=cmex10
\font\tenln=line10
\font\tenlnw=linew10
\font\tencirc=lcircle10
\font\tencircw=lcirclew10
\font\OT1/cmr/m/n/5=cmr5
\font\OT1/cmr/m/n/7=cmr7
\font\OT1/cmr/m/n/10=cmr10
\font\OML/cmm/m/it/5=cmmi5
\font\OML/cmm/m/it/7=cmmi7
\font\OML/cmm/m/it/10=cmmi10
\font\OMS/cmsy/m/n/5=cmsy5
\font\OMS/cmsy/m/n/7=cmsy7
\font\OMS/cmsy/m/n/10=cmsy10
14 preloaded fonts
No pages of output.
Transcript written on dvilualatex.log.
fmtutil [INFO]: log file copied to: c:/texlive/2021/texmf-var/web2c/luatex/dvilualatex.log
fmtutil [INFO]: c:/texlive/2021/texmf-var/web2c/luatex/dvilualatex.fmt installed.
fmtutil [INFO]: --- remaking lualatex with luahbtex
fmtutil: running `luahbtex -ini   -jobname=lualatex -progname=lualatex lualatex.ini' ...
This is LuaHBTeX, Version 1.13.2 (TeX Live 2021/W32TeX)  (INITEX)
 restricted system commands enabled.
(c:/texlive/2021/texmf-dist/tex/generic/tex-ini-files/lualatex.ini
(c:/texlive/2021/texmf-dist/tex/generic/tex-ini-files/luatexconfig.tex
(c:/texlive/2021/texmf-dist/tex/generic/tex-ini-files/pdftexconfig.tex))
(c:/texlive/2021/texmf-dist/tex/latex/base/latex.ltx
(c:/texlive/2021/texmf-dist/tex/latex/base/texsys.cfg)
./texsys.aux found


\@currdir set to: ./.


Assuming \openin and \input 
have the same search path.


Defining UNIX/DOS style filename parser.

catcodes, registers, parameters,
LaTeX2e <2021-11-15> patch level 1
(c:/texlive/2021/texmf-dist/tex/latex/l3kernel/expl3.ltx
(c:/texlive/2021/texmf-dist/tex/latex/l3kernel/expl3-code.tex)) hacks,
document commands, control, par, spacing, files, font encodings, lengths,
====================================

Local config file fonttext.cfg used

====================================
(c:/texlive/2021/texmf-dist/tex/latex/base/fonttext.cfg
(c:/texlive/2021/texmf-dist/tex/latex/base/fonttext.ltx
=== Don't modify this file, use a .cfg file instead ===

(c:/texlive/2021/texmf-dist/tex/latex/base/omlenc.def)
(c:/texlive/2021/texmf-dist/tex/latex/base/omsenc.def)
(c:/texlive/2021/texmf-dist/tex/latex/base/ot1enc.def)
(c:/texlive/2021/texmf-dist/tex/latex/base/t1enc.def)
(c:/texlive/2021/texmf-dist/tex/latex/base/ts1enc.def)
(c:/texlive/2021/texmf-dist/tex/latex/base/tuenc.def)
(c:/texlive/2021/texmf-dist/tex/latex/base/tulmr.fd)
(c:/texlive/2021/texmf-dist/tex/latex/base/tulmss.fd)
(c:/texlive/2021/texmf-dist/tex/latex/base/tulmtt.fd)
(c:/texlive/2021/texmf-dist/tex/latex/lm/ts1lmr.fd)
(c:/texlive/2021/texmf-dist/tex/latex/base/t1cmr.fd)
(c:/texlive/2021/texmf-dist/tex/latex/base/ot1cmr.fd)
(c:/texlive/2021/texmf-dist/tex/latex/base/ot1cmss.fd)
(c:/texlive/2021/texmf-dist/tex/latex/base/ot1cmtt.fd)))
====================================

Local config file fontmath.cfg used

====================================
(c:/texlive/2021/texmf-dist/tex/latex/base/fontmath.cfg
(c:/texlive/2021/texmf-dist/tex/latex/base/fontmath.ltx
=== Don't modify this file, use a .cfg file instead ===

(c:/texlive/2021/texmf-dist/tex/latex/base/omlcmm.fd)
(c:/texlive/2021/texmf-dist/tex/latex/base/omscmsy.fd)
(c:/texlive/2021/texmf-dist/tex/latex/base/omxcmex.fd)
(c:/texlive/2021/texmf-dist/tex/latex/base/ucmr.fd)))
====================================

Local config file preload.cfg used

=====================================
(c:/texlive/2021/texmf-dist/tex/latex/base/preload.cfg
(c:/texlive/2021/texmf-dist/tex/latex/base/preload.ltx)) page nos., x-ref,
environments, center, verbatim, math definitions, boxes, title, sectioning,
contents, floats, footnotes, index, bibliography, output,
 Unicode character data,
(c:/texlive/2021/texmf-dist/tex/generic/unicode-data/load-unicode-data.tex 
load-unicode-data.tex v1.15 (2021-09-15)
Reading Unicode data
# UnicodeData-14.0.0.txt
# Modified 2021-09-15 11:00:00 GMT [JAW]
)
===========================================
Local configuration file hyphen.cfg used
===========================================
(c:/texlive/2021/texmf-dist/tex/generic/babel/hyphen.cfg
(c:/texlive/2021/texmf-dist/tex/generic/babel/luababel.def)
(c:/texlive/2021/texmf-dist/tex/generic/hyphen/hyphen.tex))
(c:/texlive/2021/texmf-dist/tex/latex/firstaid/latex2e-first-aid-for-external-f
iles.ltx)
))
Beginning to dump on file lualatex.fmt
 (format=lualatex 2022.3.30)
22200 strings using 364567 bytes
686495 memory locations dumped; current usage is 204&317307
20832 multiletter control sequences
\font\nullfont=nullfont
\font\OMX/cmex/m/n/10=cmex10
\font\tenln=line10
\font\tenlnw=linew10
\font\tencirc=lcircle10
\font\tencircw=lcirclew10
\font\OT1/cmr/m/n/5=cmr5
\font\OT1/cmr/m/n/7=cmr7
\font\OT1/cmr/m/n/10=cmr10
\font\OML/cmm/m/it/5=cmmi5
\font\OML/cmm/m/it/7=cmmi7
\font\OML/cmm/m/it/10=cmmi10
\font\OMS/cmsy/m/n/5=cmsy5
\font\OMS/cmsy/m/n/7=cmsy7
\font\OMS/cmsy/m/n/10=cmsy10
14 preloaded fonts
warning  (pdf backend): no pages of output.
Transcript written on lualatex.log.
fmtutil [INFO]: log file copied to: c:/texlive/2021/texmf-var/web2c/luahbtex/lualatex.log
fmtutil [INFO]: c:/texlive/2021/texmf-var/web2c/luahbtex/lualatex.fmt installed.
fmtutil [INFO]: --- remaking pdfetex with pdftex
fmtutil: running `pdftex -ini   -jobname=pdfetex -progname=pdfetex -translate-file=cp227.tcx *pdfetex.ini' ...
This is pdfTeX, Version 3.141592653-2.6-1.40.23 (TeX Live 2021/W32TeX) (INITEX)
 restricted \write18 enabled.
 (c:/texlive/2021/texmf-dist/web2c/cp227.tcx)
entering extended mode
(c:/texlive/2021/texmf-dist/tex/plain/config/pdfetex.ini
(c:/texlive/2021/texmf-dist/tex/generic/tex-ini-files/pdftexconfig.tex)
(c:/texlive/2021/texmf-dist/tex/plain/etex/etex.src
(c:/texlive/2021/texmf-dist/tex/plain/base/plain.tex
Preloading the plain format: codes, registers, parameters, fonts, more fonts,
macros, math definitions, output routines, hyphenation
(c:/texlive/2021/texmf-dist/tex/generic/hyphen/hyphen.tex
[skipping from \patterns to end-of-file...]))
(c:/texlive/2021/texmf-dist/tex/plain/etex/etexdefs.lib
Skipping module "grouptypes"; Loading module "interactionmodes";
Skipping module "nodetypes"; Skipping module "iftypes";)
(c:/texlive/2021/texmf-var/tex/generic/config/language.def
(c:/texlive/2021/texmf-dist/tex/generic/hyphen/hyphen.tex))
Augmenting the Plain TeX definitions: \tracingall;
Adding new e-TeX definitions: \eTeX, \loggingall, \tracingnone,
register allocation; extended register allocation; 
Recycling: \addlanguage, \@nswer (not defined), \@sk, \b@dresponsetrue,
\b@dresponsefalse, \ch@ckforyn, \mayber@cycle, \et@xabort, \et@xbuf,
\et@xfmtsrc, \et@xfilehdr, \et@xinf, \et@xpatterns, \l@ngdefnfile, \n@xt,
\p@rse (not defined), \pr@mpt (not defined), \pr@mptloop (not defined),
\forcer@cycle, \usef@llback, \usef@llbacktrue, \usef@llbackfalse, 
Retaining: \et@xerr, \et@xinput, \et@xlibhdr, \et@xmsg, \et@xtoks, \et@xwarn,
\et@xl@@d, \et@xl@ad, \et@xload, \et@xlang, \et@xhash, \eTeX, \etexhdrchk,
\etexstatus, \module, \uselanguage, \r@tain, \r@cycle,)
(c:/texlive/2021/texmf-dist/tex/plain/config/pdftexmagfix.tex) )
Beginning to dump on file pdfetex.fmt
 (preloaded format=pdfetex 2022.3.30)
2916 strings of total length 43441
7961 memory locations dumped; current usage is 203&7322
1269 multiletter control sequences
\font\nullfont=nullfont
\font\tenrm=cmr10
\font\preloaded=cmr9
\font\preloaded=cmr8
\font\sevenrm=cmr7
\font\preloaded=cmr6
\font\fiverm=cmr5
\font\teni=cmmi10
\font\preloaded=cmmi9
\font\preloaded=cmmi8
\font\seveni=cmmi7
\font\preloaded=cmmi6
\font\fivei=cmmi5
\font\tensy=cmsy10
\font\preloaded=cmsy9
\font\preloaded=cmsy8
\font\sevensy=cmsy7
\font\preloaded=cmsy6
\font\fivesy=cmsy5
\font\tenex=cmex10
\font\preloaded=cmss10
\font\preloaded=cmssq8
\font\preloaded=cmssi10
\font\preloaded=cmssqi8
\font\tenbf=cmbx10
\font\preloaded=cmbx9
\font\preloaded=cmbx8
\font\sevenbf=cmbx7
\font\preloaded=cmbx6
\font\fivebf=cmbx5
\font\tentt=cmtt10
\font\preloaded=cmtt9
\font\preloaded=cmtt8
\font\preloaded=cmsltt10
\font\tensl=cmsl10
\font\preloaded=cmsl9
\font\preloaded=cmsl8
\font\tenit=cmti10
\font\preloaded=cmti9
\font\preloaded=cmti8
\font\preloaded=cmti7
\font\preloaded=cmu10
\font\preloaded=cmmib10
\font\preloaded=cmbsy10
\font\preloaded=cmcsc10
\font\preloaded=cmssbx10
\font\preloaded=cmdunh10
\font\preloaded=cmr7 at 14.51799pt
\font\preloaded=cmtt10 at 14.4pt
\font\preloaded=cmssbx10 at 14.4pt
\font\preloaded=manfnt
14787 words of font info for 50 preloaded fonts
14 hyphenation exceptions
Hyphenation trie of length 6075 has 181 ops out of 35111
  181 for language 0
0 words of pdfTeX memory
0 indirect objects
No pages of output.
Transcript written on pdfetex.log.
fmtutil [INFO]: log file copied to: c:/texlive/2021/texmf-var/web2c/pdftex/pdfetex.log
fmtutil [INFO]: c:/texlive/2021/texmf-var/web2c/pdftex/pdfetex.fmt installed.
fmtutil [INFO]: --- remaking mptopdf with pdftex
fmtutil: running `pdftex -ini   -jobname=mptopdf -progname=context -translate-file=cp227.tcx mptopdf.tex' ...
This is pdfTeX, Version 3.141592653-2.6-1.40.23 (TeX Live 2021/W32TeX) (INITEX)
 restricted \write18 enabled.
 (c:/texlive/2021/texmf-dist/web2c/cp227.tcx)
(c:/texlive/2021/texmf-dist/tex/generic/context/mptopdf/mptopdf.tex
(c:/texlive/2021/texmf-dist/tex/context/base/mkii/syst-tex.mkii
(c:/texlive/2021/texmf-dist/tex/plain/base/plain.tex
Preloading the plain format: codes, registers, parameters, fonts,
skipping \font in plain
skipping \font in plain
skipping \font in plain
skipping \font in plain
skipping \font in plain
skipping \font in plain
skipping \font in plain
skipping \font in plain
skipping \font in plain
skipping \font in plain
skipping \font in plain
skipping \font in plain
skipping \font in plain
skipping \font in plain
skipping \font in plain
skipping \font in plain
skipping \font in plain
skipping \font in plain
skipping \font in plain
skipping \font in plain
skipping \font in plain
skipping \font in plain
skipping \font in plain
skipping \font in plain
skipping \font in plain
skipping \font in plain
skipping \font in plain
skipping \font in plain
skipping \font in plain
skipping \font in plain
skipping \font in plain
skipping \font in plain
skipping \font in plain
skipping \font in plain
skipping \font in plain
skipping \font in plain
skipping \font in plain
skipping \font in plain
skipping \font in plain
skipping \font in plain
more fonts,
skipping \font in plain
skipping \font in plain
skipping \font in plain
skipping \font in plain
skipping \font in plain
skipping \font in plain
skipping scaled \font in plain
skipping scaled \font in plain
skipping scaled \font in plain
skipping \font in plain
skipping \skewchar in plain
skipping \skewchar in plain
skipping \skewchar in plain
skipping \skewchar in plain
skipping \skewchar in plain
skipping \skewchar in plain
skipping \textfont in plain
skipping \scriptfont in plain
skipping \scriptscriptfont in plain
skipping \textfont in plain
skipping \scriptfont in plain
skipping \scriptscriptfont in plain
skipping \textfont in plain
skipping \scriptfont in plain
skipping \scriptscriptfont in plain
skipping \textfont in plain
skipping \scriptfont in plain
skipping \scriptscriptfont in plain
skipping \textfont in plain
skipping \textfont in plain
skipping \textfont in plain
skipping \scriptfont in plain
skipping \scriptscriptfont in plain
skipping \textfont in plain
macros, math definitions,
skipping used \tenex in plain
output routines, hyphenation
skipping \input in plain
skipping \tenrm in plain
)) (c:/texlive/2021/texmf-dist/tex/context/base/mkii/supp-mis.mkii
loading : ConTeXt Support Macros / Miscellaneous (2004.10.26)
) (c:/texlive/2021/texmf-dist/tex/context/base/mkii/supp-pdf.mkii
loading : ConTeXt Support Macros / PDF
) (c:/texlive/2021/texmf-dist/tex/context/base/mkii/supp-mpe.mkii
loading : ConTeXt Support Macros / MPS extensions
) )
Beginning to dump on file mptopdf.fmt
 (preloaded format=mptopdf 2022.3.30)
3311 strings of total length 49186
13894 memory locations dumped; current usage is 116&13747
1669 multiletter control sequences
\font\nullfont=nullfont
0 words of font info for 0 preloaded fonts
0 hyphenation exceptions
Hyphenation trie of length 256 has 0 ops out of 35111
0 words of pdfTeX memory
0 indirect objects
No pages of output.
Transcript written on mptopdf.log.
fmtutil [INFO]: log file copied to: c:/texlive/2021/texmf-var/web2c/pdftex/mptopdf.log
fmtutil [INFO]: c:/texlive/2021/texmf-var/web2c/pdftex/mptopdf.fmt installed.
fmtutil [INFO]: --- remaking pdflatex with pdftex
fmtutil: running `pdftex -ini   -jobname=pdflatex -progname=pdflatex -translate-file=cp227.tcx *pdflatex.ini' ...
This is pdfTeX, Version 3.141592653-2.6-1.40.23 (TeX Live 2021/W32TeX) (INITEX)
 restricted \write18 enabled.
 (c:/texlive/2021/texmf-dist/web2c/cp227.tcx)
entering extended mode
(c:/texlive/2021/texmf-dist/tex/latex/latexconfig/pdflatex.ini
(c:/texlive/2021/texmf-dist/tex/generic/tex-ini-files/pdftexconfig.tex)
(c:/texlive/2021/texmf-dist/tex/latex/base/latex.ltx
(c:/texlive/2021/texmf-dist/tex/latex/base/texsys.cfg)
./texsys.aux found


\@currdir set to: ./.


Assuming \openin and \input 
have the same search path.


Defining UNIX/DOS style filename parser.

catcodes, registers, parameters,
LaTeX2e <2021-11-15> patch level 1
(c:/texlive/2021/texmf-dist/tex/latex/l3kernel/expl3.ltx
(c:/texlive/2021/texmf-dist/tex/latex/l3kernel/expl3-code.tex)) hacks,
document commands, control, par, spacing, files, font encodings, lengths,
====================================

Local config file fonttext.cfg used

====================================
(c:/texlive/2021/texmf-dist/tex/latex/base/fonttext.cfg
(c:/texlive/2021/texmf-dist/tex/latex/base/fonttext.ltx
=== Don't modify this file, use a .cfg file instead ===

(c:/texlive/2021/texmf-dist/tex/latex/base/omlenc.def)
(c:/texlive/2021/texmf-dist/tex/latex/base/omsenc.def)
(c:/texlive/2021/texmf-dist/tex/latex/base/ot1enc.def)
(c:/texlive/2021/texmf-dist/tex/latex/base/t1enc.def)
(c:/texlive/2021/texmf-dist/tex/latex/base/ts1enc.def)
(c:/texlive/2021/texmf-dist/tex/latex/base/ts1cmr.fd)
(c:/texlive/2021/texmf-dist/tex/latex/base/t1cmr.fd)
(c:/texlive/2021/texmf-dist/tex/latex/base/ot1cmr.fd)
(c:/texlive/2021/texmf-dist/tex/latex/base/ot1cmss.fd)
(c:/texlive/2021/texmf-dist/tex/latex/base/ot1cmtt.fd)))
====================================

Local config file fontmath.cfg used

====================================
(c:/texlive/2021/texmf-dist/tex/latex/base/fontmath.cfg
(c:/texlive/2021/texmf-dist/tex/latex/base/fontmath.ltx
=== Don't modify this file, use a .cfg file instead ===

(c:/texlive/2021/texmf-dist/tex/latex/base/omlcmm.fd)
(c:/texlive/2021/texmf-dist/tex/latex/base/omscmsy.fd)
(c:/texlive/2021/texmf-dist/tex/latex/base/omxcmex.fd)
(c:/texlive/2021/texmf-dist/tex/latex/base/ucmr.fd)))
====================================

Local config file preload.cfg used

=====================================
(c:/texlive/2021/texmf-dist/tex/latex/base/preload.cfg
(c:/texlive/2021/texmf-dist/tex/latex/base/preload.ltx)) page nos., x-ref,
environments, center, verbatim, math definitions, boxes, title, sectioning,
contents, floats, footnotes, index, bibliography, output,
===========================================
Local configuration file hyphen.cfg used
===========================================
(c:/texlive/2021/texmf-dist/tex/generic/babel/hyphen.cfg
(c:/texlive/2021/texmf-dist/tex/generic/hyphen/hyphen.tex)
(c:/texlive/2021/texmf-dist/tex/generic/hyphen/dumyhyph.tex)
(c:/texlive/2021/texmf-dist/tex/generic/hyphen/zerohyph.tex))
(c:/texlive/2021/texmf-dist/tex/generic/pdftex/glyphtounicode.tex)
(c:/texlive/2021/texmf-dist/tex/latex/base/utf8.def
(c:/texlive/2021/texmf-dist/tex/latex/base/omsenc.dfu)
(c:/texlive/2021/texmf-dist/tex/latex/base/ot1enc.dfu)
(c:/texlive/2021/texmf-dist/tex/latex/base/t1enc.dfu)
(c:/texlive/2021/texmf-dist/tex/latex/base/ts1enc.dfu))
(c:/texlive/2021/texmf-dist/tex/latex/firstaid/latex2e-first-aid-for-external-f
iles.ltx)
 ) )
Beginning to dump on file pdflatex.fmt
 (preloaded format=pdflatex 2022.3.30)
19764 strings of total length 353900
283478 memory locations dumped; current usage is 165&281749
18060 multiletter control sequences
\font\nullfont=nullfont
\font\c__fp_exp_intarray=cmr10 at 0.00002pt
\font\c__fp_trig_intarray=cmr10 at 0.00003pt
\font\c_initex_cctab=cmr10 at 0.00005pt
\font\c_other_cctab=cmr10 at 0.00006pt
\font\c_str_cctab=cmr10 at 0.00008pt
\font\g__regex_state_active_intarray=cmr10 at 0.00009pt
\font\g__regex_thread_info_intarray=cmr10 at 0.0001pt
\font\g__regex_submatch_prev_intarray=cmr10 at 0.00012pt
\font\g__regex_submatch_begin_intarray=cmr10 at 0.00014pt
\font\g__regex_submatch_end_intarray=cmr10 at 0.00015pt
\font\g__regex_submatch_case_intarray=cmr10 at 0.00017pt
\font\g__regex_balance_intarray=cmr10 at 0.00018pt
\font\OMX/cmex/m/n/10=cmex10
\font\tenln=line10
\font\tenlnw=linew10
\font\tencirc=lcircle10
\font\tencircw=lcirclew10
\font\OT1/cmr/m/n/5=cmr5
\font\OT1/cmr/m/n/7=cmr7
\font\OT1/cmr/m/n/10=cmr10
\font\OML/cmm/m/it/5=cmmi5
\font\OML/cmm/m/it/7=cmmi7
\font\OML/cmm/m/it/10=cmmi10
\font\OMS/cmsy/m/n/5=cmsy5
\font\OMS/cmsy/m/n/7=cmsy7
\font\OMS/cmsy/m/n/10=cmsy10
\font\c_code_cctab=cmr10 at 0.0002pt
\font\c_document_cctab=cmr10 at 0.00021pt
469252 words of font info for 28 preloaded fonts
14 hyphenation exceptions
Hyphenation trie of length 6081 has 183 ops out of 35111
  2 for language 1
  181 for language 0
0 words of pdfTeX memory
0 indirect objects
No pages of output.
Transcript written on pdflatex.log.
fmtutil [INFO]: log file copied to: c:/texlive/2021/texmf-var/web2c/pdftex/pdflatex.log
fmtutil [INFO]: c:/texlive/2021/texmf-var/web2c/pdftex/pdflatex.fmt installed.
fmtutil [INFO]: --- remaking dviluatex with luatex
fmtutil: running `luatex -ini   -jobname=dviluatex -progname=dviluatex dviluatex.ini' ...
This is LuaTeX, Version 1.13.2 (TeX Live 2021/W32TeX)  (INITEX)
 restricted system commands enabled.
(c:/texlive/2021/texmf-dist/tex/generic/tex-ini-files/dviluatex.ini
(c:/texlive/2021/texmf-dist/tex/generic/tex-ini-files/luatex.ini
(c:/texlive/2021/texmf-dist/tex/generic/tex-ini-files/luatexconfig.tex
(c:/texlive/2021/texmf-dist/tex/generic/tex-ini-files/pdftexconfig.tex))
(c:/texlive/2021/texmf-dist/tex/generic/config/luatexiniconfig.tex)
(c:/texlive/2021/texmf-dist/tex/generic/unicode-data/load-unicode-data.tex 
load-unicode-data.tex v1.15 (2021-09-15)
Reading Unicode data
# UnicodeData-14.0.0.txt
# Modified 2021-09-15 11:00:00 GMT [JAW]
) (c:/texlive/2021/texmf-dist/tex/luatex/hyph-utf8/etex.src
(c:/texlive/2021/texmf-dist/tex/plain/base/plain.tex
Preloading the plain format: codes, registers, parameters, fonts, more fonts,
macros, math definitions, output routines, hyphenation
(c:/texlive/2021/texmf-dist/tex/generic/hyphen/hyphen.tex
[skipping from \patterns to end-of-file...]))
(c:/texlive/2021/texmf-dist/tex/plain/etex/etexdefs.lib
Skipping module "grouptypes"; Loading module "interactionmodes";
Skipping module "nodetypes"; Skipping module "iftypes";)
(c:/texlive/2021/texmf-var/tex/generic/config/language.def
(c:/texlive/2021/texmf-dist/tex/generic/hyphen/hyphen.tex))
Augmenting the Plain TeX definitions: \tracingall;
Adding new e-TeX definitions: \eTeX, \loggingall, \tracingnone,
register allocation; extended register allocation; 
Recycling: \addlanguage, \@nswer (not defined), \@sk, \b@dresponsetrue,
\b@dresponsefalse, \ch@ckforyn, \mayber@cycle, \et@xabort, \et@xbuf,
\et@xfmtsrc, \et@xfilehdr, \et@xinf, \et@xpatterns, \l@ngdefnfile, \n@xt,
\p@rse (not defined), \pr@mpt (not defined), \pr@mptloop (not defined),
\forcer@cycle, \usef@llback, \usef@llbacktrue, \usef@llbackfalse, 
Retaining: \et@xerr, \et@xinput, \et@xlibhdr, \et@xmsg, \et@xtoks, \et@xwarn,
\et@xl@@d, \et@xl@ad, \et@xload, \et@xlang, \et@xhash, \eTeX, \etexhdrchk,
\etexstatus, \module, \uselanguage, \r@tain, \r@cycle,)))
Beginning to dump on file dviluatex.fmt
 (format=dviluatex 2022.3.30)
3364 strings using 10287 bytes
68809 memory locations dumped; current usage is 149&7701
1871 multiletter control sequences
\font\nullfont=nullfont
\font\tenrm=cmr10
\font\preloaded=cmr9
\font\preloaded=cmr8
\font\sevenrm=cmr7
\font\preloaded=cmr6
\font\fiverm=cmr5
\font\teni=cmmi10
\font\preloaded=cmmi9
\font\preloaded=cmmi8
\font\seveni=cmmi7
\font\preloaded=cmmi6
\font\fivei=cmmi5
\font\tensy=cmsy10
\font\preloaded=cmsy9
\font\preloaded=cmsy8
\font\sevensy=cmsy7
\font\preloaded=cmsy6
\font\fivesy=cmsy5
\font\tenex=cmex10
\font\preloaded=cmss10
\font\preloaded=cmssq8
\font\preloaded=cmssi10
\font\preloaded=cmssqi8
\font\tenbf=cmbx10
\font\preloaded=cmbx9
\font\preloaded=cmbx8
\font\sevenbf=cmbx7
\font\preloaded=cmbx6
\font\fivebf=cmbx5
\font\tentt=cmtt10
\font\preloaded=cmtt9
\font\preloaded=cmtt8
\font\preloaded=cmsltt10
\font\tensl=cmsl10
\font\preloaded=cmsl9
\font\preloaded=cmsl8
\font\tenit=cmti10
\font\preloaded=cmti9
\font\preloaded=cmti8
\font\preloaded=cmti7
\font\preloaded=cmu10
\font\preloaded=cmmib10
\font\preloaded=cmbsy10
\font\preloaded=cmcsc10
\font\preloaded=cmssbx10
\font\preloaded=cmdunh10
\font\preloaded=cmr7 at 14.51799pt
\font\preloaded=cmtt10 at 14.4pt
\font\preloaded=cmssbx10 at 14.4pt
\font\preloaded=manfnt
50 preloaded fonts
No pages of output.
Transcript written on dviluatex.log.
fmtutil [INFO]: log file copied to: c:/texlive/2021/texmf-var/web2c/luatex/dviluatex.log
fmtutil [INFO]: c:/texlive/2021/texmf-var/web2c/luatex/dviluatex.fmt installed.
fmtutil [INFO]: --- remaking mf with mf-nowin
fmtutil: running `mf-nowin -ini   -jobname=mf -progname=mf -translate-file=cp227.tcx mf.ini' ...
This is METAFONT, Version 2.71828182 (TeX Live 2021/W32TeX) (INIMF)
(c:/texlive/2021/texmf-dist/web2c/cp227.tcx)
(c:/texlive/2021/texmf-dist/metafont/config/mf.ini
(c:/texlive/2021/texmf-dist/metafont/base/plain.mf
Preloading the plain base, version 2.71: preliminaries,
 basic constants and mathematical macros,
 macros for converting from device-independent units to pixels,
 macros and tables for various modes of operation,
 macros for drawing and filling,
 macros for proof labels and rules,
 macros for character and font administration,
and a few last-minute items.)
(c:/texlive/2021/texmf-dist/fonts/source/public/modes/modes.mf) )
Beginning to dump on file mf.base
 (preloaded base=mf 2022.3.30)
2237 strings of total length 30193
11955 memory locations dumped; current usage is 3679&7916
1011 symbolic tokens
Transcript written on mf.log.
fmtutil [INFO]: log file copied to: c:/texlive/2021/texmf-var/web2c/metafont/mf.log
fmtutil [INFO]: c:/texlive/2021/texmf-var/web2c/metafont/mf.base installed.
fmtutil [INFO]: --- remaking etex with pdftex
fmtutil: running `pdftex -ini   -jobname=etex -progname=etex -translate-file=cp227.tcx *etex.ini' ...
This is pdfTeX, Version 3.141592653-2.6-1.40.23 (TeX Live 2021/W32TeX) (INITEX)
 restricted \write18 enabled.
 (c:/texlive/2021/texmf-dist/web2c/cp227.tcx)
entering extended mode
(c:/texlive/2021/texmf-dist/tex/plain/config/etex.ini
(c:/texlive/2021/texmf-dist/tex/plain/etex/etex.src
(c:/texlive/2021/texmf-dist/tex/plain/base/plain.tex
Preloading the plain format: codes, registers, parameters, fonts, more fonts,
macros, math definitions, output routines, hyphenation
(c:/texlive/2021/texmf-dist/tex/generic/hyphen/hyphen.tex
[skipping from \patterns to end-of-file...]))
(c:/texlive/2021/texmf-dist/tex/plain/etex/etexdefs.lib
Skipping module "grouptypes"; Loading module "interactionmodes";
Skipping module "nodetypes"; Skipping module "iftypes";)
(c:/texlive/2021/texmf-var/tex/generic/config/language.def
(c:/texlive/2021/texmf-dist/tex/generic/hyphen/hyphen.tex))
Augmenting the Plain TeX definitions: \tracingall;
Adding new e-TeX definitions: \eTeX, \loggingall, \tracingnone,
register allocation; extended register allocation; 
Recycling: \addlanguage, \@nswer (not defined), \@sk, \b@dresponsetrue,
\b@dresponsefalse, \ch@ckforyn, \mayber@cycle, \et@xabort, \et@xbuf,
\et@xfmtsrc, \et@xfilehdr, \et@xinf, \et@xpatterns, \l@ngdefnfile, \n@xt,
\p@rse (not defined), \pr@mpt (not defined), \pr@mptloop (not defined),
\forcer@cycle, \usef@llback, \usef@llbacktrue, \usef@llbackfalse, 
Retaining: \et@xerr, \et@xinput, \et@xlibhdr, \et@xmsg, \et@xtoks, \et@xwarn,
\et@xl@@d, \et@xl@ad, \et@xload, \et@xlang, \et@xhash, \eTeX, \etexhdrchk,
\etexstatus, \module, \uselanguage, \r@tain, \r@cycle,) )
Beginning to dump on file etex.fmt
 (preloaded format=etex 2022.3.30)
2906 strings of total length 43055
7961 memory locations dumped; current usage is 203&7291
1267 multiletter control sequences
\font\nullfont=nullfont
\font\tenrm=cmr10
\font\preloaded=cmr9
\font\preloaded=cmr8
\font\sevenrm=cmr7
\font\preloaded=cmr6
\font\fiverm=cmr5
\font\teni=cmmi10
\font\preloaded=cmmi9
\font\preloaded=cmmi8
\font\seveni=cmmi7
\font\preloaded=cmmi6
\font\fivei=cmmi5
\font\tensy=cmsy10
\font\preloaded=cmsy9
\font\preloaded=cmsy8
\font\sevensy=cmsy7
\font\preloaded=cmsy6
\font\fivesy=cmsy5
\font\tenex=cmex10
\font\preloaded=cmss10
\font\preloaded=cmssq8
\font\preloaded=cmssi10
\font\preloaded=cmssqi8
\font\tenbf=cmbx10
\font\preloaded=cmbx9
\font\preloaded=cmbx8
\font\sevenbf=cmbx7
\font\preloaded=cmbx6
\font\fivebf=cmbx5
\font\tentt=cmtt10
\font\preloaded=cmtt9
\font\preloaded=cmtt8
\font\preloaded=cmsltt10
\font\tensl=cmsl10
\font\preloaded=cmsl9
\font\preloaded=cmsl8
\font\tenit=cmti10
\font\preloaded=cmti9
\font\preloaded=cmti8
\font\preloaded=cmti7
\font\preloaded=cmu10
\font\preloaded=cmmib10
\font\preloaded=cmbsy10
\font\preloaded=cmcsc10
\font\preloaded=cmssbx10
\font\preloaded=cmdunh10
\font\preloaded=cmr7 at 14.51799pt
\font\preloaded=cmtt10 at 14.4pt
\font\preloaded=cmssbx10 at 14.4pt
\font\preloaded=manfnt
14787 words of font info for 50 preloaded fonts
14 hyphenation exceptions
Hyphenation trie of length 6075 has 181 ops out of 35111
  181 for language 0
0 words of pdfTeX memory
0 indirect objects
No pages of output.
Transcript written on etex.log.
fmtutil [INFO]: log file copied to: c:/texlive/2021/texmf-var/web2c/pdftex/etex.log
fmtutil [INFO]: c:/texlive/2021/texmf-var/web2c/pdftex/etex.fmt installed.
fmtutil [INFO]: successfully rebuilt formats: 13
fmtutil [INFO]: total formats: 13
fmtutil [INFO]: exiting with status 0
running path adjustment actions
Old system path: C:\Windows\system32;C:\Windows;C:\Windows\System32\Wbem;C:\Windows\System32\WindowsPowerShell\v1.0\;C:\Windows\System32\OpenSSH\;C:\Program Files (x86)\NVIDIA Corporation\PhysX\Common;C:\WINDOWS\system32;C:\WINDOWS;C:\WINDOWS\System32\Wbem;C:\WINDOWS\System32\WindowsPowerShell\v1.0\;C:\WINDOWS\System32\OpenSSH\;C:\Program Files\NVIDIA Corporation\NVIDIA NvDLISR;C:\Users\Ravi\Documents\Uni\Project\DoTeX_test_env\texlive\2021\bin\win32\pdflatex.exe;C:\ProgramData\chocolatey\bin
Old user path: C:\Users\Ravi\AppData\Local\Programs\Python\Python310\Scripts\;C:\Users\Ravi\AppData\Local\Programs\Python\Python310\;%USERPROFILE%\AppData\Local\Microsoft\WindowsApps
New system path: C:\Windows\system32;C:\Windows;C:\Windows\System32\Wbem;C:\Windows\System32\WindowsPowerShell\v1.0\;C:\Windows\System32\OpenSSH\;C:\Program Files (x86)\NVIDIA Corporation\PhysX\Common;C:\WINDOWS\system32;C:\WINDOWS;C:\WINDOWS\System32\Wbem;C:\WINDOWS\System32\WindowsPowerShell\v1.0\;C:\WINDOWS\System32\OpenSSH\;C:\Program Files\NVIDIA Corporation\NVIDIA NvDLISR;C:\Users\Ravi\Documents\Uni\Project\DoTeX_test_env\texlive\2021\bin\win32\pdflatex.exe;C:\ProgramData\chocolatey\bin;C:\texlive\2021\bin\win32
New user path: C:\Users\Ravi\AppData\Local\Programs\Python\Python310\Scripts\;C:\Users\Ravi\AppData\Local\Programs\Python\Python310\;%USERPROFILE%\AppData\Local\Microsoft\WindowsApps
finished with path adjustment actions
running package-specific postactions
postaction install script for dvipdfmx: perl C:/texlive/2021/tlpkg/tlpostcode/dvipdfmx.pl
postaction install shortcut for texlive-common
postaction install shortcut for texlive-scripts
postaction install shortcut for tlshell
finished with package-specific postactions

 ----------------------------------------------------------------------
 The following environment variables contain the string "tex"
 (case-independent).  If you're doing anything but adding personal
 directories to the system paths, they may well cause trouble somewhere
 while running TeX.  If you encounter problems, try unsetting them.
 Please ignore spurious matches unrelated to TeX.

    VBOX_HWVIRTEX_IGNORE_SVM_IN_USE=1
 ----------------------------------------------------------------------


Welcome to TeX Live!


See C:/texlive/2021/index.html for links to documentation.
The TeX Live web site (https://tug.org/texlive/) contains any updates and corrections. TeX Live is a joint project of the TeX user groups around the world; please consider supporting it by joining the group best for you. The list of groups is available on the web at https://tug.org/usergroups.html.