[Wed Mar 30 05:03:29 2022] install: dviout.win32
[Wed Mar 30 05:03:31 2022] install: wintools.win32
[Wed Mar 30 05:03:31 2022] install: collection-wintools
[Wed Mar 30 05:03:31 2022] command: mktexlsr
[Wed Mar 30 05:03:41 2022] install: anysize
[Wed Mar 30 05:03:41 2022] install: attachfile2.win32
[Wed Mar 30 05:03:42 2022] install: attachfile2
[Wed Mar 30 05:03:43 2022] install: beamer
[Wed Mar 30 05:03:43 2022] install: booktabs
[Wed Mar 30 05:03:44 2022] install: breqn
[Wed Mar 30 05:03:45 2022] install: caption
[Wed Mar 30 05:03:45 2022] install: cite
[Wed Mar 30 05:03:46 2022] install: cmap
[Wed Mar 30 05:03:46 2022] install: crop
[Wed Mar 30 05:03:47 2022] install: ctable
[Wed Mar 30 05:03:48 2022] install: eso-pic
[Wed Mar 30 05:03:48 2022] install: etoolbox
[Wed Mar 30 05:03:49 2022] install: euenc
[Wed Mar 30 05:03:49 2022] install: euler
[Wed Mar 30 05:03:50 2022] install: everysel
[Wed Mar 30 05:03:50 2022] install: extsizes
[Wed Mar 30 05:03:51 2022] install: fancybox
[Wed Mar 30 05:03:51 2022] install: fancyref
[Wed Mar 30 05:03:52 2022] install: fancyvrb
[Wed Mar 30 05:03:53 2022] install: filehook
[Wed Mar 30 05:03:53 2022] install: float
[Wed Mar 30 05:03:54 2022] install: fontspec
[Wed Mar 30 05:03:55 2022] install: footnotehyper
[Wed Mar 30 05:03:55 2022] install: fp
[Wed Mar 30 05:03:56 2022] install: hologo
[Wed Mar 30 05:03:56 2022] install: index
[Wed Mar 30 05:03:57 2022] install: jknapltx
[Wed Mar 30 05:04:00 2022] install: koma-script
[Wed Mar 30 05:04:01 2022] install: l3experimental
[Wed Mar 30 05:04:02 2022] install: latexbug
[Wed Mar 30 05:04:03 2022] install: lineno
[Wed Mar 30 05:04:04 2022] install: listings
[Wed Mar 30 05:04:05 2022] install: lm-math
[Wed Mar 30 05:04:05 2022] install: lwarp.win32
[Wed Mar 30 05:04:06 2022] install: lwarp
[Wed Mar 30 05:04:07 2022] install: makecmds
[Wed Mar 30 05:04:08 2022] install: mathspec
[Wed Mar 30 05:04:08 2022] install: mathtools
[Wed Mar 30 05:04:10 2022] install: mdwtools
[Wed Mar 30 05:04:11 2022] install: memoir
[Wed Mar 30 05:04:12 2022] install: metalogo
[Wed Mar 30 05:04:13 2022] install: microtype
[Wed Mar 30 05:04:14 2022] install: ms
[Wed Mar 30 05:04:14 2022] install: newfloat
[Wed Mar 30 05:04:15 2022] install: ntgclass
[Wed Mar 30 05:04:16 2022] install: parskip
[Wed Mar 30 05:04:17 2022] install: pdflscape
[Wed Mar 30 05:04:19 2022] install: pdfmanagement-testphase
[Wed Mar 30 05:04:20 2022] install: pdfpages
[Wed Mar 30 05:04:24 2022] install: pgf
[Wed Mar 30 05:04:26 2022] install: polyglossia
[Wed Mar 30 05:04:26 2022] install: psfrag
[Wed Mar 30 05:04:27 2022] install: ragged2e
[Wed Mar 30 05:04:28 2022] install: rcs
[Wed Mar 30 05:04:28 2022] install: sansmath
[Wed Mar 30 05:04:29 2022] install: section
[Wed Mar 30 05:04:29 2022] install: seminar
[Wed Mar 30 05:04:30 2022] install: sepnum
[Wed Mar 30 05:04:30 2022] install: setspace
[Wed Mar 30 05:04:31 2022] install: subfig
[Wed Mar 30 05:04:31 2022] install: textcase
[Wed Mar 30 05:04:32 2022] install: thumbpdf.win32
[Wed Mar 30 05:04:32 2022] install: thumbpdf
[Wed Mar 30 05:04:34 2022] install: tipa
[Wed Mar 30 05:04:35 2022] install: translator
[Wed Mar 30 05:04:35 2022] install: typehtml
[Wed Mar 30 05:04:36 2022] install: ucharcat
[Wed Mar 30 05:04:36 2022] install: underscore
[Wed Mar 30 05:04:37 2022] install: unicode-math
[Wed Mar 30 05:04:38 2022] install: xcolor
[Wed Mar 30 05:04:39 2022] install: xkeyval
[Wed Mar 30 05:04:39 2022] install: xltxtra
[Wed Mar 30 05:04:40 2022] install: xunicode
[Wed Mar 30 05:04:40 2022] install: collection-latexrecommended
[Wed Mar 30 05:04:40 2022] command: mktexlsr
[Wed Mar 30 05:04:40 2022] command: updmap-sys
[Wed Mar 30 05:04:47 2022] install: avantgar
[Wed Mar 30 05:04:47 2022] install: bookman
[Wed Mar 30 05:04:47 2022] install: charter
[Wed Mar 30 05:05:02 2022] install: cm-super
[Wed Mar 30 05:05:02 2022] install: cmextra
[Wed Mar 30 05:05:03 2022] install: courier
[Wed Mar 30 05:05:04 2022] install: euro
[Wed Mar 30 05:05:04 2022] install: euro-ce
[Wed Mar 30 05:05:04 2022] install: eurosym
[Wed Mar 30 05:05:05 2022] install: fpl
[Wed Mar 30 05:05:06 2022] install: helvetic
[Wed Mar 30 05:05:06 2022] install: manfnt-font
[Wed Mar 30 05:05:07 2022] install: marvosym
[Wed Mar 30 05:05:07 2022] install: mathpazo
[Wed Mar 30 05:05:08 2022] install: mflogo-font
[Wed Mar 30 05:05:08 2022] install: ncntrsbk
[Wed Mar 30 05:05:09 2022] install: palatino
[Wed Mar 30 05:05:09 2022] install: pxfonts
[Wed Mar 30 05:05:10 2022] install: rsfs
[Wed Mar 30 05:05:15 2022] install: tex-gyre
[Wed Mar 30 05:05:16 2022] install: tex-gyre-math
[Wed Mar 30 05:05:17 2022] install: times
[Wed Mar 30 05:05:17 2022] install: txfonts
[Wed Mar 30 05:05:18 2022] install: utopia
[Wed Mar 30 05:05:19 2022] install: wasy
[Wed Mar 30 05:05:19 2022] install: wasy-type1
[Wed Mar 30 05:05:20 2022] install: wasysym
[Wed Mar 30 05:05:20 2022] install: zapfchan
[Wed Mar 30 05:05:21 2022] install: collection-fontsrecommended
[Wed Mar 30 05:05:21 2022] command: mktexlsr
[Wed Mar 30 05:05:21 2022] command: updmap-sys
[Wed Mar 30 05:05:28 2022] install: arabxetex
[Wed Mar 30 05:05:28 2022] install: awesomebox
[Wed Mar 30 05:05:29 2022] install: bidi-atbegshi
[Wed Mar 30 05:05:29 2022] install: bidicontour
[Wed Mar 30 05:05:30 2022] install: bidipagegrid
[Wed Mar 30 05:05:30 2022] install: bidipresentation
[Wed Mar 30 05:05:31 2022] install: bidishadowtext
[Wed Mar 30 05:05:31 2022] install: businesscard-qrcode
[Wed Mar 30 05:05:32 2022] install: cqubeamer
[Wed Mar 30 05:05:32 2022] install: fixlatvian
[Wed Mar 30 05:05:33 2022] install: font-change-xetex
[Wed Mar 30 05:05:34 2022] install: fontbook
[Wed Mar 30 05:05:34 2022] install: fontwrap
[Wed Mar 30 05:05:35 2022] install: interchar
[Wed Mar 30 05:05:43 2022] install: latex-base-dev
[Wed Mar 30 05:05:44 2022] install: latex-firstaid-dev
[Wed Mar 30 05:05:44 2022] install: na-position
[Wed Mar 30 05:05:45 2022] install: philokalia
[Wed Mar 30 05:05:45 2022] install: ptext
[Wed Mar 30 05:05:46 2022] install: realscripts
[Wed Mar 30 05:05:46 2022] install: simple-resume-cv
[Wed Mar 30 05:05:47 2022] install: simple-thesis-dissertation
[Wed Mar 30 05:05:47 2022] install: tetragonos
[Wed Mar 30 05:05:48 2022] install: ucharclasses
[Wed Mar 30 05:05:48 2022] install: unicode-bidi
[Wed Mar 30 05:05:49 2022] install: unisugar
[Wed Mar 30 05:05:49 2022] install: xebaposter
[Wed Mar 30 05:05:50 2022] install: xechangebar
[Wed Mar 30 05:05:50 2022] install: xecolor
[Wed Mar 30 05:05:51 2022] install: xecyr
[Wed Mar 30 05:05:51 2022] install: xeindex
[Wed Mar 30 05:05:51 2022] install: xelatex-dev.win32
[Wed Mar 30 05:05:51 2022] install: xelatex-dev
[Wed Mar 30 05:05:52 2022] install: xesearch
[Wed Mar 30 05:05:53 2022] install: xespotcolor
[Wed Mar 30 05:05:56 2022] install: xetex.win32
[Wed Mar 30 05:06:01 2022] install: xetex
[Wed Mar 30 05:06:01 2022] install: xetex-itrans
[Wed Mar 30 05:06:01 2022] install: xetex-pstricks
[Wed Mar 30 05:06:02 2022] install: xetex-tibetan
[Wed Mar 30 05:06:02 2022] install: xetexconfig
[Wed Mar 30 05:06:02 2022] install: xetexfontinfo
[Wed Mar 30 05:06:03 2022] install: xetexko
[Wed Mar 30 05:06:03 2022] install: xevlna
[Wed Mar 30 05:06:04 2022] install: zbmath-review-template
[Wed Mar 30 05:06:04 2022] install: collection-xetex
[Wed Mar 30 05:06:04 2022] command: mktexlsr
[Wed Mar 30 05:06:04 2022] command: fmtutil-sys --byengine xetex --no-error-if-no-format --no-error-if-no-engine=luajithbtex,luajittex,mfluajit --status-file=C:\Users\Ravi\AppData\Local\Temp\nSeZqEtRs3\8VgEh_Xv8L
[Wed Mar 30 05:06:08 2022]   OK: xetex.fmt/xetex xelatex-dev.fmt/xetex xelatex.fmt/xetex
