[Wed Mar 30 05:03:31 2022] running mktexlsr
[Wed Mar 30 05:03:31 2022] success, output:
mktexlsr: Updating c:/texlive/texmf-local/ls-R...
mktexlsr: Updated c:/texlive/texmf-local/ls-R.
mktexlsr: Updating c:/texlive/2021/texmf-config/ls-R...
mktexlsr: Updated c:/texlive/2021/texmf-config/ls-R.
mktexlsr: Updating c:/texlive/2021/texmf-var/ls-R...
mktexlsr: Updated c:/texlive/2021/texmf-var/ls-R.
mktexlsr: Updating c:/texlive/2021/texmf-dist/ls-R...
mktexlsr: Updated c:/texlive/2021/texmf-dist/ls-R.
mktexlsr: Done.
--end of output of mktexlsr.

[Wed Mar 30 05:04:40 2022] running mktexlsr
[Wed Mar 30 05:04:40 2022] success, output:
mktexlsr: Updating c:/texlive/texmf-local/ls-R...
mktexlsr: Updated c:/texlive/texmf-local/ls-R.
mktexlsr: Updating c:/texlive/2021/texmf-config/ls-R...
mktexlsr: Updated c:/texlive/2021/texmf-config/ls-R.
mktexlsr: Updating c:/texlive/2021/texmf-var/ls-R...
mktexlsr: Updated c:/texlive/2021/texmf-var/ls-R.
mktexlsr: Updating c:/texlive/2021/texmf-dist/ls-R...
mktexlsr: Updated c:/texlive/2021/texmf-dist/ls-R.
mktexlsr: Done.
--end of output of mktexlsr.

[Wed Mar 30 05:04:40 2022] running updmap-sys
[Wed Mar 30 05:04:41 2022] success, output:
updmap will read the following updmap.cfg files (in precedence order):
  c:/texlive/2021/texmf-dist/web2c/updmap.cfg
updmap may write changes to the following updmap.cfg file:
  c:/texlive/2021/texmf-config/web2c/updmap.cfg
dvips output dir: "c:/texlive/2021/texmf-var/fonts/map/dvips/updmap"
pdftex output dir: "c:/texlive/2021/texmf-var/fonts/map/pdftex/updmap"
dvipdfmx output dir: "c:/texlive/2021/texmf-var/fonts/map/dvipdfmx/updmap"

updmap is creating new map files
using the following configuration:
  LW35 font names                  : URWkb (c:/texlive/2021/texmf-dist/web2c/updmap.cfg)
  prefer outlines                  : true (c:/texlive/2021/texmf-dist/web2c/updmap.cfg)
  texhash enabled                  : true
  download standard fonts (dvips)  : true (c:/texlive/2021/texmf-dist/web2c/updmap.cfg)
  download standard fonts (pdftex) : true (c:/texlive/2021/texmf-dist/web2c/updmap.cfg)
  jaEmbed replacement string       : haranoaji (c:/texlive/2021/texmf-dist/web2c/updmap.cfg)
  jaVariant replacement string     : -04 (c:/texlive/2021/texmf-dist/web2c/updmap.cfg)
  scEmbed replacement string       : arphic (c:/texlive/2021/texmf-dist/web2c/updmap.cfg)
  tcEmbed replacement string       : arphic (c:/texlive/2021/texmf-dist/web2c/updmap.cfg)
  koEmbed replacement string       : baekmuk (c:/texlive/2021/texmf-dist/web2c/updmap.cfg)
  create a mapfile for pxdvi       : false (default)

Scanning for LW35 support files  [  3 files]
Scanning for MixedMap entries    [  7 files]
Scanning for KanjiMap entries    [  0 files]
Scanning for Map entries         [ 10 files]

Generating output for dvipdfmx...
Generating output for ps2pk...
Generating output for dvips...
Generating output for pdftex...

Files generated:
  c:/texlive/2021/texmf-var/fonts/map/dvips/updmap:
       16037 2022-03-30 05:04:41 builtin35.map
       21511 2022-03-30 05:04:41 download35.map
       73126 2022-03-30 05:04:41 psfonts_pk.map
       79511 2022-03-30 05:04:41 psfonts_t1.map
       79506 2022-03-30 05:04:41 ps2pk.map
       79511 2022-03-30 05:04:41 psfonts.map = psfonts_t1.map
  c:/texlive/2021/texmf-var/fonts/map/pdftex/updmap:
       79513 2022-03-30 05:04:41 pdftex_dl14.map
       77848 2022-03-30 05:04:41 pdftex_ndl14.map
       79513 2022-03-30 05:04:41 pdftex.map = pdftex_dl14.map
  c:/texlive/2021/texmf-var/fonts/map/dvipdfmx/updmap:
         309 2022-03-30 05:04:41 kanjix.map

Transcript written on "c:/texlive/2021/texmf-var/web2c/updmap.log".
updmap: Updating ls-R files.
--end of output of updmap-sys.

[Wed Mar 30 05:05:21 2022] running mktexlsr
[Wed Mar 30 05:05:21 2022] success, output:
mktexlsr: Updating c:/texlive/texmf-local/ls-R...
mktexlsr: Updated c:/texlive/texmf-local/ls-R.
mktexlsr: Updating c:/texlive/2021/texmf-config/ls-R...
mktexlsr: Updated c:/texlive/2021/texmf-config/ls-R.
mktexlsr: Updating c:/texlive/2021/texmf-var/ls-R...
mktexlsr: Updated c:/texlive/2021/texmf-var/ls-R.
mktexlsr: Updating c:/texlive/2021/texmf-dist/ls-R...
mktexlsr: Updated c:/texlive/2021/texmf-dist/ls-R.
mktexlsr: Done.
--end of output of mktexlsr.

[Wed Mar 30 05:05:21 2022] running updmap-sys
[Wed Mar 30 05:05:22 2022] success, output:
updmap will read the following updmap.cfg files (in precedence order):
  c:/texlive/2021/texmf-dist/web2c/updmap.cfg
updmap may write changes to the following updmap.cfg file:
  c:/texlive/2021/texmf-config/web2c/updmap.cfg
dvips output dir: "c:/texlive/2021/texmf-var/fonts/map/dvips/updmap"
pdftex output dir: "c:/texlive/2021/texmf-var/fonts/map/pdftex/updmap"
dvipdfmx output dir: "c:/texlive/2021/texmf-var/fonts/map/dvipdfmx/updmap"

updmap is creating new map files
using the following configuration:
  LW35 font names                  : URWkb (c:/texlive/2021/texmf-dist/web2c/updmap.cfg)
  prefer outlines                  : true (c:/texlive/2021/texmf-dist/web2c/updmap.cfg)
  texhash enabled                  : true
  download standard fonts (dvips)  : true (c:/texlive/2021/texmf-dist/web2c/updmap.cfg)
  download standard fonts (pdftex) : true (c:/texlive/2021/texmf-dist/web2c/updmap.cfg)
  jaEmbed replacement string       : haranoaji (c:/texlive/2021/texmf-dist/web2c/updmap.cfg)
  jaVariant replacement string     : -04 (c:/texlive/2021/texmf-dist/web2c/updmap.cfg)
  scEmbed replacement string       : arphic (c:/texlive/2021/texmf-dist/web2c/updmap.cfg)
  tcEmbed replacement string       : arphic (c:/texlive/2021/texmf-dist/web2c/updmap.cfg)
  koEmbed replacement string       : baekmuk (c:/texlive/2021/texmf-dist/web2c/updmap.cfg)
  create a mapfile for pxdvi       : false (default)

Scanning for LW35 support files  [  3 files]
Scanning for MixedMap entries    [ 18 files]
Scanning for KanjiMap entries    [  0 files]
Scanning for Map entries         [ 29 files]

Generating output for dvipdfmx...
Generating output for ps2pk...
Generating output for dvips...
Generating output for pdftex...

Files generated:
  c:/texlive/2021/texmf-var/fonts/map/dvips/updmap:
       16037 2022-03-30 05:05:22 builtin35.map
       21511 2022-03-30 05:05:22 download35.map
      120553 2022-03-30 05:05:22 psfonts_pk.map
      327512 2022-03-30 05:05:22 psfonts_t1.map
      327507 2022-03-30 05:05:22 ps2pk.map
      327512 2022-03-30 05:05:22 psfonts.map = psfonts_t1.map
  c:/texlive/2021/texmf-var/fonts/map/pdftex/updmap:
      327514 2022-03-30 05:05:22 pdftex_dl14.map
      325849 2022-03-30 05:05:22 pdftex_ndl14.map
      327514 2022-03-30 05:05:22 pdftex.map = pdftex_dl14.map
  c:/texlive/2021/texmf-var/fonts/map/dvipdfmx/updmap:
         309 2022-03-30 05:05:21 kanjix.map

Transcript written on "c:/texlive/2021/texmf-var/web2c/updmap.log".
updmap: Updating ls-R files.
--end of output of updmap-sys.

[Wed Mar 30 05:06:04 2022] running mktexlsr
[Wed Mar 30 05:06:04 2022] success, output:
mktexlsr: Updating c:/texlive/texmf-local/ls-R...
mktexlsr: Updated c:/texlive/texmf-local/ls-R.
mktexlsr: Updating c:/texlive/2021/texmf-config/ls-R...
mktexlsr: Updated c:/texlive/2021/texmf-config/ls-R.
mktexlsr: Updating c:/texlive/2021/texmf-var/ls-R...
mktexlsr: Updated c:/texlive/2021/texmf-var/ls-R.
mktexlsr: Updating c:/texlive/2021/texmf-dist/ls-R...
mktexlsr: Updated c:/texlive/2021/texmf-dist/ls-R.
mktexlsr: Done.
--end of output of mktexlsr.

[Wed Mar 30 05:06:04 2022] running fmtutil-sys --byengine xetex --no-error-if-no-format --no-error-if-no-engine=luajithbtex,luajittex,mfluajit --status-file=C:\Users\Ravi\AppData\Local\Temp\nSeZqEtRs3\8VgEh_Xv8L
[Wed Mar 30 05:06:08 2022] success, output:
fmtutil: fmtutil is using the following fmtutil.cnf files (in precedence order):
fmtutil:   c:/texlive/2021/texmf-dist/web2c/fmtutil.cnf
fmtutil: fmtutil is using the following fmtutil.cnf file for writing changes:
fmtutil:   c:/texlive/2021/texmf-config/web2c/fmtutil.cnf
fmtutil [INFO]: writing formats under c:/texlive/2021/texmf-var/web2c
fmtutil [INFO]: --- remaking xetex with xetex
fmtutil: running `xetex -ini   -jobname=xetex -progname=xetex -etex xetex.ini' ...
This is XeTeX, Version 3.141592653-2.6-0.999993 (TeX Live 2021/W32TeX) (INITEX)
 restricted \write18 enabled.
entering extended mode
(c:/texlive/2021/texmf-dist/tex/generic/tex-ini-files/xetex.ini
(c:/texlive/2021/texmf-dist/tex/generic/unicode-data/load-unicode-data.tex 
load-unicode-data.tex v1.15 (2021-09-15)
Reading Unicode data
# UnicodeData-14.0.0.txt
# Modified 2021-09-15 11:00:00 GMT [JAW]
)
(c:/texlive/2021/texmf-dist/tex/generic/unicode-data/load-unicode-xetex-classes
.tex 
load-unicode-xetex-classes.tex v1.15 (2021-09-15)
Reading Unicode east Asian character class data
# LineBreak-14.0.0.txt 
# Date: 2021-07-06, 09:58:55 GMT [KW, LI] 
# EastAsianWidth-14.0.0.txt 
# Date: 2021-07-06, 09:58:53 GMT [KW, LI] 
) (c:/texlive/2021/texmf-dist/tex/plain/etex/etex.src
(c:/texlive/2021/texmf-dist/tex/plain/base/plain.tex
Preloading the plain format: codes, registers, parameters, fonts, more fonts,
macros, math definitions, output routines, hyphenation
(c:/texlive/2021/texmf-dist/tex/generic/hyphen/hyphen.tex
[skipping from \patterns to end-of-file...]))
(c:/texlive/2021/texmf-dist/tex/plain/etex/etexdefs.lib
Skipping module "grouptypes"; Loading module "interactionmodes";
Skipping module "nodetypes"; Skipping module "iftypes";)
(c:/texlive/2021/texmf-var/tex/generic/config/language.def
(c:/texlive/2021/texmf-dist/tex/generic/hyphen/hyphen.tex))
Augmenting the Plain TeX definitions: \tracingall;
Adding new e-TeX definitions: \eTeX, \loggingall, \tracingnone,
register allocation; extended register allocation; 
Recycling: \addlanguage, \@nswer (not defined), \@sk, \b@dresponsetrue,
\b@dresponsefalse, \ch@ckforyn, \mayber@cycle, \et@xabort, \et@xbuf,
\et@xfmtsrc, \et@xfilehdr, \et@xinf, \et@xpatterns, \l@ngdefnfile, \n@xt,
\p@rse (not defined), \pr@mpt (not defined), \pr@mptloop (not defined),
\forcer@cycle, \usef@llback, \usef@llbacktrue, \usef@llbackfalse, 
Retaining: \et@xerr, \et@xinput, \et@xlibhdr, \et@xmsg, \et@xtoks, \et@xwarn,
\et@xl@@d, \et@xl@ad, \et@xload, \et@xlang, \et@xhash, \eTeX, \etexhdrchk,
\etexstatus, \module, \uselanguage, \r@tain, \r@cycle,)
 )
Beginning to dump on file xetex.fmt
 (preloaded format=xetex 2022.3.30)
70481 strings of total length 58029
12098 memory locations dumped; current usage is 647&7495
3933 multiletter control sequences
\font\nullfont=nullfont
\font\tenrm=cmr10
\font\sevenrm=cmr7
\font\fiverm=cmr5
\font\teni=cmmi10
\font\seveni=cmmi7
\font\fivei=cmmi5
\font\tensy=cmsy10
\font\sevensy=cmsy7
\font\fivesy=cmsy5
\font\tenex=cmex10
\font\tenbf=cmbx10
\font\sevenbf=cmbx7
\font\fivebf=cmbx5
\font\tentt=cmtt10
\font\tensl=cmsl10
\font\tenit=cmti10
4739 words of font info for 16 preloaded fonts
14 hyphenation exceptions
Hyphenation trie of length 6076 has 181 ops out of 35111
  181 for language 0
No pages of output.
Transcript written on xetex.log.
fmtutil [INFO]: log file copied to: c:/texlive/2021/texmf-var/web2c/xetex/xetex.log
fmtutil [INFO]: c:/texlive/2021/texmf-var/web2c/xetex/xetex.fmt installed.
fmtutil [INFO]: --- remaking xelatex-dev with xetex
fmtutil: running `xetex -ini   -jobname=xelatex-dev -progname=xelatex-dev -etex xelatex.ini' ...
This is XeTeX, Version 3.141592653-2.6-0.999993 (TeX Live 2021/W32TeX) (INITEX)
 restricted \write18 enabled.
entering extended mode
(c:/texlive/2021/texmf-dist/tex/generic/tex-ini-files/xelatex.ini
(c:/texlive/2021/texmf-dist/tex/latex-dev/base/latex.ltx
(c:/texlive/2021/texmf-dist/tex/latex-dev/base/texsys.cfg)
./texsys.aux found


\@currdir set to: ./.


Assuming \openin and \input 
have the same search path.


Defining UNIX/DOS style filename parser.

catcodes, registers, parameters,
LaTeX2e <2022-06-01> pre-release-3 (develop 2022-3-30 branch)
(c:/texlive/2021/texmf-dist/tex/latex/l3kernel/expl3.ltx
(c:/texlive/2021/texmf-dist/tex/latex/l3kernel/expl3-code.tex)) hacks,
document commands, control, par, spacing, files, font encodings, lengths,
====================================

Local config file fonttext.cfg used

====================================
(c:/texlive/2021/texmf-dist/tex/latex-dev/base/fonttext.cfg
(c:/texlive/2021/texmf-dist/tex/latex-dev/base/fonttext.ltx
=== Don't modify this file, use a .cfg file instead ===

(c:/texlive/2021/texmf-dist/tex/latex-dev/base/omlenc.def)
(c:/texlive/2021/texmf-dist/tex/latex-dev/base/omsenc.def)
(c:/texlive/2021/texmf-dist/tex/latex-dev/base/ot1enc.def)
(c:/texlive/2021/texmf-dist/tex/latex-dev/base/t1enc.def)
(c:/texlive/2021/texmf-dist/tex/latex-dev/base/ts1enc.def)
(c:/texlive/2021/texmf-dist/tex/latex-dev/base/tuenc.def)
(c:/texlive/2021/texmf-dist/tex/latex-dev/base/tulmr.fd)
(c:/texlive/2021/texmf-dist/tex/latex-dev/base/tulmss.fd)
(c:/texlive/2021/texmf-dist/tex/latex-dev/base/tulmtt.fd)
(c:/texlive/2021/texmf-dist/tex/latex/lm/ts1lmr.fd)
(c:/texlive/2021/texmf-dist/tex/latex-dev/base/t1cmr.fd)
(c:/texlive/2021/texmf-dist/tex/latex-dev/base/ot1cmr.fd)
(c:/texlive/2021/texmf-dist/tex/latex-dev/base/ot1cmss.fd)
(c:/texlive/2021/texmf-dist/tex/latex-dev/base/ot1cmtt.fd)))
====================================

Local config file fontmath.cfg used

====================================
(c:/texlive/2021/texmf-dist/tex/latex-dev/base/fontmath.cfg
(c:/texlive/2021/texmf-dist/tex/latex-dev/base/fontmath.ltx
=== Don't modify this file, use a .cfg file instead ===

(c:/texlive/2021/texmf-dist/tex/latex-dev/base/omlcmm.fd)
(c:/texlive/2021/texmf-dist/tex/latex-dev/base/omscmsy.fd)
(c:/texlive/2021/texmf-dist/tex/latex-dev/base/omxcmex.fd)
(c:/texlive/2021/texmf-dist/tex/latex-dev/base/ucmr.fd)))
====================================

Local config file preload.cfg used

=====================================
(c:/texlive/2021/texmf-dist/tex/latex-dev/base/preload.cfg
(c:/texlive/2021/texmf-dist/tex/latex-dev/base/preload.ltx)) page nos., x-ref,
environments, center, verbatim, math definitions, boxes, title, sectioning,
contents, floats, footnotes, index, bibliography, output,
 Unicode character data,
(c:/texlive/2021/texmf-dist/tex/generic/unicode-data/load-unicode-data.tex 
load-unicode-data.tex v1.15 (2021-09-15)
Reading Unicode data
# UnicodeData-14.0.0.txt
# Modified 2021-09-15 11:00:00 GMT [JAW]
)
===========================================
Local configuration file hyphen.cfg used
===========================================
(c:/texlive/2021/texmf-dist/tex/generic/babel/hyphen.cfg
(c:/texlive/2021/texmf-dist/tex/generic/babel/xebabel.def)
(c:/texlive/2021/texmf-dist/tex/generic/hyphen/hyphen.tex)
(c:/texlive/2021/texmf-dist/tex/generic/hyphen/dumyhyph.tex)
(c:/texlive/2021/texmf-dist/tex/generic/hyphen/zerohyph.tex))
(c:/texlive/2021/texmf-dist/tex/latex-dev/firstaid/latex2e-first-aid-for-extern
al-files.ltx)
 ) )
Beginning to dump on file xelatex-dev.fmt
 (preloaded format=xelatex-dev 2022.3.30)
87432 strings of total length 396968
291474 memory locations dumped; current usage is 299&289644
20799 multiletter control sequences
\font\nullfont=nullfont
\font\c__fp_exp_intarray=cmr10 at 0.00002pt
\font\c__fp_trig_intarray=cmr10 at 0.00003pt
\font\c_initex_cctab=cmr10 at 0.00005pt
\font\c_other_cctab=cmr10 at 0.00006pt
\font\c_str_cctab=cmr10 at 0.00008pt
\font\g__regex_state_active_intarray=cmr10 at 0.00009pt
\font\g__regex_thread_info_intarray=cmr10 at 0.0001pt
\font\g__regex_submatch_prev_intarray=cmr10 at 0.00012pt
\font\g__regex_submatch_begin_intarray=cmr10 at 0.00014pt
\font\g__regex_submatch_end_intarray=cmr10 at 0.00015pt
\font\g__regex_submatch_case_intarray=cmr10 at 0.00017pt
\font\g__regex_balance_intarray=cmr10 at 0.00018pt
\font\OMX/cmex/m/n/10=cmex10
\font\tenln=line10
\font\tenlnw=linew10
\font\tencirc=lcircle10
\font\tencircw=lcirclew10
\font\OT1/cmr/m/n/5=cmr5
\font\OT1/cmr/m/n/7=cmr7
\font\OT1/cmr/m/n/10=cmr10
\font\OML/cmm/m/it/5=cmmi5
\font\OML/cmm/m/it/7=cmmi7
\font\OML/cmm/m/it/10=cmmi10
\font\OMS/cmsy/m/n/5=cmsy5
\font\OMS/cmsy/m/n/7=cmsy7
\font\OMS/cmsy/m/n/10=cmsy10
\font\c_code_cctab=cmr10 at 0.0002pt
\font\c_document_cctab=cmr10 at 0.00021pt
469252 words of font info for 28 preloaded fonts
14 hyphenation exceptions
Hyphenation trie of length 6082 has 183 ops out of 35111
  2 for language 1
  181 for language 0
No pages of output.
Transcript written on xelatex-dev.log.
fmtutil [INFO]: log file copied to: c:/texlive/2021/texmf-var/web2c/xetex/xelatex-dev.log
fmtutil [INFO]: c:/texlive/2021/texmf-var/web2c/xetex/xelatex-dev.fmt installed.
fmtutil [INFO]: --- remaking xelatex with xetex
fmtutil: running `xetex -ini   -jobname=xelatex -progname=xelatex -etex xelatex.ini' ...
This is XeTeX, Version 3.141592653-2.6-0.999993 (TeX Live 2021/W32TeX) (INITEX)
 restricted \write18 enabled.
entering extended mode
(c:/texlive/2021/texmf-dist/tex/generic/tex-ini-files/xelatex.ini
(c:/texlive/2021/texmf-dist/tex/latex/base/latex.ltx
(c:/texlive/2021/texmf-dist/tex/latex/base/texsys.cfg)
./texsys.aux found


\@currdir set to: ./.


Assuming \openin and \input 
have the same search path.


Defining UNIX/DOS style filename parser.

catcodes, registers, parameters,
LaTeX2e <2021-11-15> patch level 1
(c:/texlive/2021/texmf-dist/tex/latex/l3kernel/expl3.ltx
(c:/texlive/2021/texmf-dist/tex/latex/l3kernel/expl3-code.tex)) hacks,
document commands, control, par, spacing, files, font encodings, lengths,
====================================

Local config file fonttext.cfg used

====================================
(c:/texlive/2021/texmf-dist/tex/latex/base/fonttext.cfg
(c:/texlive/2021/texmf-dist/tex/latex/base/fonttext.ltx
=== Don't modify this file, use a .cfg file instead ===

(c:/texlive/2021/texmf-dist/tex/latex/base/omlenc.def)
(c:/texlive/2021/texmf-dist/tex/latex/base/omsenc.def)
(c:/texlive/2021/texmf-dist/tex/latex/base/ot1enc.def)
(c:/texlive/2021/texmf-dist/tex/latex/base/t1enc.def)
(c:/texlive/2021/texmf-dist/tex/latex/base/ts1enc.def)
(c:/texlive/2021/texmf-dist/tex/latex/base/tuenc.def)
(c:/texlive/2021/texmf-dist/tex/latex/base/tulmr.fd)
(c:/texlive/2021/texmf-dist/tex/latex/base/tulmss.fd)
(c:/texlive/2021/texmf-dist/tex/latex/base/tulmtt.fd)
(c:/texlive/2021/texmf-dist/tex/latex/lm/ts1lmr.fd)
(c:/texlive/2021/texmf-dist/tex/latex/base/t1cmr.fd)
(c:/texlive/2021/texmf-dist/tex/latex/base/ot1cmr.fd)
(c:/texlive/2021/texmf-dist/tex/latex/base/ot1cmss.fd)
(c:/texlive/2021/texmf-dist/tex/latex/base/ot1cmtt.fd)))
====================================

Local config file fontmath.cfg used

====================================
(c:/texlive/2021/texmf-dist/tex/latex/base/fontmath.cfg
(c:/texlive/2021/texmf-dist/tex/latex/base/fontmath.ltx
=== Don't modify this file, use a .cfg file instead ===

(c:/texlive/2021/texmf-dist/tex/latex/base/omlcmm.fd)
(c:/texlive/2021/texmf-dist/tex/latex/base/omscmsy.fd)
(c:/texlive/2021/texmf-dist/tex/latex/base/omxcmex.fd)
(c:/texlive/2021/texmf-dist/tex/latex/base/ucmr.fd)))
====================================

Local config file preload.cfg used

=====================================
(c:/texlive/2021/texmf-dist/tex/latex/base/preload.cfg
(c:/texlive/2021/texmf-dist/tex/latex/base/preload.ltx)) page nos., x-ref,
environments, center, verbatim, math definitions, boxes, title, sectioning,
contents, floats, footnotes, index, bibliography, output,
 Unicode character data,
(c:/texlive/2021/texmf-dist/tex/generic/unicode-data/load-unicode-data.tex 
load-unicode-data.tex v1.15 (2021-09-15)
Reading Unicode data
# UnicodeData-14.0.0.txt
# Modified 2021-09-15 11:00:00 GMT [JAW]
)
===========================================
Local configuration file hyphen.cfg used
===========================================
(c:/texlive/2021/texmf-dist/tex/generic/babel/hyphen.cfg
(c:/texlive/2021/texmf-dist/tex/generic/babel/xebabel.def)
(c:/texlive/2021/texmf-dist/tex/generic/hyphen/hyphen.tex)
(c:/texlive/2021/texmf-dist/tex/generic/hyphen/dumyhyph.tex)
(c:/texlive/2021/texmf-dist/tex/generic/hyphen/zerohyph.tex))
(c:/texlive/2021/texmf-dist/tex/latex/firstaid/latex2e-first-aid-for-external-f
iles.ltx)
 ) )
Beginning to dump on file xelatex.fmt
 (preloaded format=xelatex 2022.3.30)
87357 strings of total length 395243
289595 memory locations dumped; current usage is 299&287730
20724 multiletter control sequences
\font\nullfont=nullfont
\font\c__fp_exp_intarray=cmr10 at 0.00002pt
\font\c__fp_trig_intarray=cmr10 at 0.00003pt
\font\c_initex_cctab=cmr10 at 0.00005pt
\font\c_other_cctab=cmr10 at 0.00006pt
\font\c_str_cctab=cmr10 at 0.00008pt
\font\g__regex_state_active_intarray=cmr10 at 0.00009pt
\font\g__regex_thread_info_intarray=cmr10 at 0.0001pt
\font\g__regex_submatch_prev_intarray=cmr10 at 0.00012pt
\font\g__regex_submatch_begin_intarray=cmr10 at 0.00014pt
\font\g__regex_submatch_end_intarray=cmr10 at 0.00015pt
\font\g__regex_submatch_case_intarray=cmr10 at 0.00017pt
\font\g__regex_balance_intarray=cmr10 at 0.00018pt
\font\OMX/cmex/m/n/10=cmex10
\font\tenln=line10
\font\tenlnw=linew10
\font\tencirc=lcircle10
\font\tencircw=lcirclew10
\font\OT1/cmr/m/n/5=cmr5
\font\OT1/cmr/m/n/7=cmr7
\font\OT1/cmr/m/n/10=cmr10
\font\OML/cmm/m/it/5=cmmi5
\font\OML/cmm/m/it/7=cmmi7
\font\OML/cmm/m/it/10=cmmi10
\font\OMS/cmsy/m/n/5=cmsy5
\font\OMS/cmsy/m/n/7=cmsy7
\font\OMS/cmsy/m/n/10=cmsy10
\font\c_code_cctab=cmr10 at 0.0002pt
\font\c_document_cctab=cmr10 at 0.00021pt
469252 words of font info for 28 preloaded fonts
14 hyphenation exceptions
Hyphenation trie of length 6082 has 183 ops out of 35111
  2 for language 1
  181 for language 0
No pages of output.
Transcript written on xelatex.log.
fmtutil [INFO]: log file copied to: c:/texlive/2021/texmf-var/web2c/xetex/xelatex.log
fmtutil [INFO]: c:/texlive/2021/texmf-var/web2c/xetex/xelatex.fmt installed.
fmtutil [INFO]: successfully rebuilt formats: 3
fmtutil [INFO]: not selected formats: 13
fmtutil [INFO]: total formats: 16
fmtutil [INFO]: exiting with status 0
--end of output of fmtutil-sys --byengine xetex --no-error-if-no-format --no-error-if-no-engine=luajithbtex,luajittex,mfluajit --status-file=C:\Users\Ravi\AppData\Local\Temp\nSeZqEtRs3\8VgEh_Xv8L.

[Wed Mar 30 05:06:08 2022]   OK: xetex.fmt/xetex xelatex-dev.fmt/xetex xelatex.fmt/xetex
